/home/huzy/rov_moveit2_ws/install/rov_description/lib/python3.10/site-packages/rov_description/__init__.py
/home/huzy/rov_moveit2_ws/install/rov_description/lib/python3.10/site-packages/rov_description/__pycache__/__init__.cpython-310.pyc
/home/huzy/rov_moveit2_ws/install/rov_description/share/ament_index/resource_index/packages/rov_description
/home/huzy/rov_moveit2_ws/install/rov_description/share/rov_description/package.xml
/home/huzy/rov_moveit2_ws/install/rov_description/share/rov_description/urdf/rov.urdf
/home/huzy/rov_moveit2_ws/install/rov_description/share/rov_description/meshes/BottomLink.STL
/home/huzy/rov_moveit2_ws/install/rov_description/share/rov_description/meshes/base_link.STL
/home/huzy/rov_moveit2_ws/install/rov_description/share/rov_description/meshes/Link4.STL
/home/huzy/rov_moveit2_ws/install/rov_description/share/rov_description/meshes/LinkGG.STL
/home/huzy/rov_moveit2_ws/install/rov_description/share/rov_description/meshes/Link1.STL
/home/huzy/rov_moveit2_ws/install/rov_description/share/rov_description/meshes/Link2.STL
/home/huzy/rov_moveit2_ws/install/rov_description/share/rov_description/meshes/Link3.STL
/home/huzy/rov_moveit2_ws/install/rov_description/share/rov_description/meshes/LinkGR.STL
/home/huzy/rov_moveit2_ws/install/rov_description/share/rov_description/meshes/LinkGL.STL
/home/huzy/rov_moveit2_ws/install/rov_description/share/rov_description/launch
/home/huzy/rov_moveit2_ws/install/rov_description/lib/python3.10/site-packages/rov_description-0.0.0-py3.10.egg-info/SOURCES.txt
/home/huzy/rov_moveit2_ws/install/rov_description/lib/python3.10/site-packages/rov_description-0.0.0-py3.10.egg-info/zip-safe
/home/huzy/rov_moveit2_ws/install/rov_description/lib/python3.10/site-packages/rov_description-0.0.0-py3.10.egg-info/PKG-INFO
/home/huzy/rov_moveit2_ws/install/rov_description/lib/python3.10/site-packages/rov_description-0.0.0-py3.10.egg-info/requires.txt
/home/huzy/rov_moveit2_ws/install/rov_description/lib/python3.10/site-packages/rov_description-0.0.0-py3.10.egg-info/top_level.txt
/home/huzy/rov_moveit2_ws/install/rov_description/lib/python3.10/site-packages/rov_description-0.0.0-py3.10.egg-info/entry_points.txt
/home/huzy/rov_moveit2_ws/install/rov_description/lib/python3.10/site-packages/rov_description-0.0.0-py3.10.egg-info/dependency_links.txt
