[0.129s] DEBUG:colcon:Command line arguments: ['/usr/bin/colcon', 'build', '--packages-select', 'rov_moveit_config']
[0.129s] DEBUG:colcon:Parsed command line arguments: Namespace(log_base=None, log_level=None, verb_name='build', build_base='build', install_base='install', merge_install=False, symlink_install=False, test_result_base=None, continue_on_error=False, executor='parallel', parallel_workers=8, event_handlers=None, ignore_user_meta=False, metas=['./colcon.meta'], base_paths=['.'], packages_ignore=None, packages_ignore_regex=None, paths=None, packages_up_to=None, packages_up_to_regex=None, packages_above=None, packages_above_and_dependencies=None, packages_above_depth=None, packages_select_by_dep=None, packages_skip_by_dep=None, packages_skip_up_to=None, packages_select_build_failed=False, packages_skip_build_finished=False, packages_select_test_failures=False, packages_skip_test_passed=False, packages_select=['rov_moveit_config'], packages_skip=None, packages_select_regex=None, packages_skip_regex=None, packages_start=None, packages_end=None, allow_overriding=[], cmake_args=None, cmake_target=None, cmake_target_skip_unavailable=False, cmake_clean_cache=False, cmake_clean_first=False, cmake_force_configure=False, ament_cmake_args=None, catkin_cmake_args=None, catkin_skip_building_tests=False, mixin_files=None, mixin=None, verb_parser=<colcon_mixin.mixin.mixin_argument.MixinArgumentDecorator object at 0x736637157430>, verb_extension=<colcon_core.verb.build.BuildVerb object at 0x736637156ec0>, main=<bound method BuildVerb.main of <colcon_core.verb.build.BuildVerb object at 0x736637156ec0>>, mixin_verb=('build',))
[0.315s] Level 1:colcon.colcon_core.package_discovery:discover_packages(colcon_meta) check parameters
[0.315s] Level 1:colcon.colcon_core.package_discovery:discover_packages(recursive) check parameters
[0.315s] Level 1:colcon.colcon_core.package_discovery:discover_packages(ignore) check parameters
[0.315s] Level 1:colcon.colcon_core.package_discovery:discover_packages(path) check parameters
[0.315s] Level 1:colcon.colcon_core.package_discovery:discover_packages(colcon_meta) discover
[0.315s] Level 1:colcon.colcon_core.package_discovery:discover_packages(recursive) discover
[0.315s] INFO:colcon.colcon_core.package_discovery:Crawling recursively for packages in '/home/huzy/rov_moveit2_ws'
[0.315s] Level 1:colcon.colcon_core.package_identification:_identify(.) by extensions ['ignore', 'ignore_ament_install']
[0.315s] Level 1:colcon.colcon_core.package_identification:_identify(.) by extension 'ignore'
[0.315s] Level 1:colcon.colcon_core.package_identification:_identify(.) by extension 'ignore_ament_install'
[0.316s] Level 1:colcon.colcon_core.package_identification:_identify(.) by extensions ['colcon_pkg']
[0.316s] Level 1:colcon.colcon_core.package_identification:_identify(.) by extension 'colcon_pkg'
[0.316s] Level 1:colcon.colcon_core.package_identification:_identify(.) by extensions ['colcon_meta']
[0.316s] Level 1:colcon.colcon_core.package_identification:_identify(.) by extension 'colcon_meta'
[0.316s] Level 1:colcon.colcon_core.package_identification:_identify(.) by extensions ['ros']
[0.316s] Level 1:colcon.colcon_core.package_identification:_identify(.) by extension 'ros'
[0.327s] Level 1:colcon.colcon_core.package_identification:_identify(.) by extensions ['cmake', 'python']
[0.327s] Level 1:colcon.colcon_core.package_identification:_identify(.) by extension 'cmake'
[0.327s] Level 1:colcon.colcon_core.package_identification:_identify(.) by extension 'python'
[0.327s] Level 1:colcon.colcon_core.package_identification:_identify(.) by extensions ['python_setup_py']
[0.328s] Level 1:colcon.colcon_core.package_identification:_identify(.) by extension 'python_setup_py'
[0.328s] Level 1:colcon.colcon_core.package_identification:_identify(build) by extensions ['ignore', 'ignore_ament_install']
[0.328s] Level 1:colcon.colcon_core.package_identification:_identify(build) by extension 'ignore'
[0.328s] Level 1:colcon.colcon_core.package_identification:_identify(build) ignored
[0.328s] Level 1:colcon.colcon_core.package_identification:_identify(install) by extensions ['ignore', 'ignore_ament_install']
[0.328s] Level 1:colcon.colcon_core.package_identification:_identify(install) by extension 'ignore'
[0.328s] Level 1:colcon.colcon_core.package_identification:_identify(install) ignored
[0.328s] Level 1:colcon.colcon_core.package_identification:_identify(log) by extensions ['ignore', 'ignore_ament_install']
[0.328s] Level 1:colcon.colcon_core.package_identification:_identify(log) by extension 'ignore'
[0.328s] Level 1:colcon.colcon_core.package_identification:_identify(log) ignored
[0.329s] Level 1:colcon.colcon_core.package_identification:_identify(src) by extensions ['ignore', 'ignore_ament_install']
[0.329s] Level 1:colcon.colcon_core.package_identification:_identify(src) by extension 'ignore'
[0.329s] Level 1:colcon.colcon_core.package_identification:_identify(src) by extension 'ignore_ament_install'
[0.329s] Level 1:colcon.colcon_core.package_identification:_identify(src) by extensions ['colcon_pkg']
[0.329s] Level 1:colcon.colcon_core.package_identification:_identify(src) by extension 'colcon_pkg'
[0.329s] Level 1:colcon.colcon_core.package_identification:_identify(src) by extensions ['colcon_meta']
[0.329s] Level 1:colcon.colcon_core.package_identification:_identify(src) by extension 'colcon_meta'
[0.329s] Level 1:colcon.colcon_core.package_identification:_identify(src) by extensions ['ros']
[0.329s] Level 1:colcon.colcon_core.package_identification:_identify(src) by extension 'ros'
[0.329s] Level 1:colcon.colcon_core.package_identification:_identify(src) by extensions ['cmake', 'python']
[0.329s] Level 1:colcon.colcon_core.package_identification:_identify(src) by extension 'cmake'
[0.329s] Level 1:colcon.colcon_core.package_identification:_identify(src) by extension 'python'
[0.329s] Level 1:colcon.colcon_core.package_identification:_identify(src) by extensions ['python_setup_py']
[0.329s] Level 1:colcon.colcon_core.package_identification:_identify(src) by extension 'python_setup_py'
[0.329s] Level 1:colcon.colcon_core.package_identification:_identify(src/rov_description) by extensions ['ignore', 'ignore_ament_install']
[0.329s] Level 1:colcon.colcon_core.package_identification:_identify(src/rov_description) by extension 'ignore'
[0.329s] Level 1:colcon.colcon_core.package_identification:_identify(src/rov_description) by extension 'ignore_ament_install'
[0.330s] Level 1:colcon.colcon_core.package_identification:_identify(src/rov_description) by extensions ['colcon_pkg']
[0.330s] Level 1:colcon.colcon_core.package_identification:_identify(src/rov_description) by extension 'colcon_pkg'
[0.330s] Level 1:colcon.colcon_core.package_identification:_identify(src/rov_description) by extensions ['colcon_meta']
[0.330s] Level 1:colcon.colcon_core.package_identification:_identify(src/rov_description) by extension 'colcon_meta'
[0.330s] Level 1:colcon.colcon_core.package_identification:_identify(src/rov_description) by extensions ['ros']
[0.330s] Level 1:colcon.colcon_core.package_identification:_identify(src/rov_description) by extension 'ros'
[0.332s] DEBUG:colcon.colcon_core.package_identification:Package 'src/rov_description' with type 'ros.ament_python' and name 'rov_description'
[0.332s] Level 1:colcon.colcon_core.package_identification:_identify(src/rov_moveit_config) by extensions ['ignore', 'ignore_ament_install']
[0.332s] Level 1:colcon.colcon_core.package_identification:_identify(src/rov_moveit_config) by extension 'ignore'
[0.332s] Level 1:colcon.colcon_core.package_identification:_identify(src/rov_moveit_config) by extension 'ignore_ament_install'
[0.332s] Level 1:colcon.colcon_core.package_identification:_identify(src/rov_moveit_config) by extensions ['colcon_pkg']
[0.332s] Level 1:colcon.colcon_core.package_identification:_identify(src/rov_moveit_config) by extension 'colcon_pkg'
[0.332s] Level 1:colcon.colcon_core.package_identification:_identify(src/rov_moveit_config) by extensions ['colcon_meta']
[0.332s] Level 1:colcon.colcon_core.package_identification:_identify(src/rov_moveit_config) by extension 'colcon_meta'
[0.332s] Level 1:colcon.colcon_core.package_identification:_identify(src/rov_moveit_config) by extensions ['ros']
[0.332s] Level 1:colcon.colcon_core.package_identification:_identify(src/rov_moveit_config) by extension 'ros'
[0.333s] DEBUG:colcon.colcon_core.package_identification:Package 'src/rov_moveit_config' with type 'ros.ament_cmake' and name 'rov_moveit_config'
[0.333s] Level 1:colcon.colcon_core.package_discovery:discover_packages(recursive) using defaults
[0.333s] Level 1:colcon.colcon_core.package_discovery:discover_packages(ignore) discover
[0.333s] Level 1:colcon.colcon_core.package_discovery:discover_packages(ignore) using defaults
[0.333s] Level 1:colcon.colcon_core.package_discovery:discover_packages(path) discover
[0.333s] Level 1:colcon.colcon_core.package_discovery:discover_packages(path) using defaults
[0.361s] INFO:colcon.colcon_core.package_selection:Skipping not selected package 'rov_description' in 'src/rov_description'
[0.361s] Level 1:colcon.colcon_core.package_discovery:discover_packages(prefix_path) check parameters
[0.361s] Level 1:colcon.colcon_core.package_discovery:discover_packages(prefix_path) discover
[0.362s] WARNING:colcon.colcon_core.prefix_path.colcon:The path '/home/huzy/rov_moveit2_ws/src/install' in the environment variable COLCON_PREFIX_PATH doesn't exist
[0.362s] WARNING:colcon.colcon_core.prefix_path.colcon:The path '/home/huzy/rov_robot_ros2/src/install' in the environment variable COLCON_PREFIX_PATH doesn't exist
[0.362s] WARNING:colcon.colcon_core.prefix_path.colcon:The path '/home/huzy/rov_moveit2_ws/src/rov_description/urdf/install' in the environment variable COLCON_PREFIX_PATH doesn't exist
[0.362s] WARNING:colcon.colcon_ros.prefix_path.ament:The path '/home/huzy/rov_moveit2_ws/src/install/rov_moveit_config' in the environment variable AMENT_PREFIX_PATH doesn't exist
[0.363s] WARNING:colcon.colcon_ros.prefix_path.ament:The path '/home/huzy/rov_moveit2_ws/src/install/rov_description' in the environment variable AMENT_PREFIX_PATH doesn't exist
[0.363s] WARNING:colcon.colcon_ros.prefix_path.ament:The path '/home/huzy/rov_robot_ros2/src/install/rov_movit_config' in the environment variable AMENT_PREFIX_PATH doesn't exist
[0.369s] WARNING:colcon.colcon_ros.prefix_path.catkin:The path '/home/huzy/rov_moveit2_ws/src/install/rov_moveit_config' in the environment variable CMAKE_PREFIX_PATH doesn't exist
[0.369s] WARNING:colcon.colcon_ros.prefix_path.catkin:The path '/home/huzy/rov_robot_ros2/src/install/rov_movit_config' in the environment variable CMAKE_PREFIX_PATH doesn't exist
[0.371s] DEBUG:colcon.colcon_installed_package_information.package_discovery:Found 3 installed packages in /home/huzy/rov_moveit2_ws/install
[0.371s] DEBUG:colcon.colcon_installed_package_information.package_discovery:Found 1 installed packages in /home/huzy/rov_moveit2_ws/src/rov_description/install
[0.375s] DEBUG:colcon.colcon_installed_package_information.package_discovery:Found 57 installed packages in /home/huzy/ws_moveit2/install
[0.378s] DEBUG:colcon.colcon_installed_package_information.package_discovery:Found 366 installed packages in /opt/ros/humble
[0.382s] Level 1:colcon.colcon_core.package_discovery:discover_packages(prefix_path) using defaults
[0.445s] Level 5:colcon.colcon_core.verb:set package 'rov_moveit_config' build argument 'cmake_args' from command line to 'None'
[0.445s] Level 5:colcon.colcon_core.verb:set package 'rov_moveit_config' build argument 'cmake_target' from command line to 'None'
[0.445s] Level 5:colcon.colcon_core.verb:set package 'rov_moveit_config' build argument 'cmake_target_skip_unavailable' from command line to 'False'
[0.445s] Level 5:colcon.colcon_core.verb:set package 'rov_moveit_config' build argument 'cmake_clean_cache' from command line to 'False'
[0.445s] Level 5:colcon.colcon_core.verb:set package 'rov_moveit_config' build argument 'cmake_clean_first' from command line to 'False'
[0.445s] Level 5:colcon.colcon_core.verb:set package 'rov_moveit_config' build argument 'cmake_force_configure' from command line to 'False'
[0.445s] Level 5:colcon.colcon_core.verb:set package 'rov_moveit_config' build argument 'ament_cmake_args' from command line to 'None'
[0.445s] Level 5:colcon.colcon_core.verb:set package 'rov_moveit_config' build argument 'catkin_cmake_args' from command line to 'None'
[0.445s] Level 5:colcon.colcon_core.verb:set package 'rov_moveit_config' build argument 'catkin_skip_building_tests' from command line to 'False'
[0.445s] DEBUG:colcon.colcon_core.verb:Building package 'rov_moveit_config' with the following arguments: {'ament_cmake_args': None, 'build_base': '/home/huzy/rov_moveit2_ws/build/rov_moveit_config', 'catkin_cmake_args': None, 'catkin_skip_building_tests': False, 'cmake_args': None, 'cmake_clean_cache': False, 'cmake_clean_first': False, 'cmake_force_configure': False, 'cmake_target': None, 'cmake_target_skip_unavailable': False, 'install_base': '/home/huzy/rov_moveit2_ws/install/rov_moveit_config', 'merge_install': False, 'path': '/home/huzy/rov_moveit2_ws/src/rov_moveit_config', 'symlink_install': False, 'test_result_base': None}
[0.445s] INFO:colcon.colcon_core.executor:Executing jobs using 'parallel' executor
[0.447s] DEBUG:colcon.colcon_parallel_executor.executor.parallel:run_until_complete
[0.447s] INFO:colcon.colcon_ros.task.ament_cmake.build:Building ROS package in '/home/huzy/rov_moveit2_ws/src/rov_moveit_config' with build type 'ament_cmake'
[0.447s] INFO:colcon.colcon_cmake.task.cmake.build:Building CMake package in '/home/huzy/rov_moveit2_ws/src/rov_moveit_config'
[0.450s] INFO:colcon.colcon_core.plugin_system:Skipping extension 'colcon_core.shell.bat': Not used on non-Windows systems
[0.450s] INFO:colcon.colcon_core.shell:Skip shell extension 'powershell' for command environment: Not usable outside of PowerShell
[0.450s] DEBUG:colcon.colcon_core.shell:Skip shell extension 'dsv' for command environment
[0.489s] DEBUG:colcon.colcon_core.event_handler.log_command:Invoking command in '/home/huzy/rov_moveit2_ws/build/rov_moveit_config': AMENT_PREFIX_PATH=/home/huzy/rov_moveit2_ws/install/rov_description:/home/huzy/rov_moveit2_ws/install/rov_moveit_config:/home/huzy/rov_moveit2_ws/src/install/rov_moveit_config:/home/huzy/rov_moveit2_ws/install/rov_moveit2_config:/home/huzy/rov_moveit2_ws/src/install/rov_description:/home/huzy/rov_robot_ros2/src/install/rov_movit_config:/home/huzy/rov_moveit2_ws/src/rov_description/install/rov_description:/home/huzy/ws_moveit2/install/pilz_industrial_motion_planner_testutils:/home/huzy/ws_moveit2/install/moveit_runtime:/home/huzy/ws_moveit2/install/moveit2_tutorials:/home/huzy/ws_moveit2/install/moveit:/home/huzy/ws_moveit2/install/moveit_planners:/home/huzy/ws_moveit2/install/pilz_industrial_motion_planner:/home/huzy/ws_moveit2/install/mtc_tutorial:/home/huzy/ws_moveit2/install/hello_moveit:/home/huzy/ws_moveit2/install/moveit_visual_tools:/home/huzy/ws_moveit2/install/moveit_task_constructor_visualization:/home/huzy/ws_moveit2/install/moveit_task_constructor_demo:/home/huzy/ws_moveit2/install/moveit_task_constructor_capabilities:/home/huzy/ws_moveit2/install/moveit_task_constructor_core:/home/huzy/ws_moveit2/install/moveit_ros_control_interface:/home/huzy/ws_moveit2/install/moveit_plugins:/home/huzy/ws_moveit2/install/moveit_simple_controller_manager:/home/huzy/ws_moveit2/install/moveit_setup_assistant:/home/huzy/ws_moveit2/install/moveit_setup_srdf_plugins:/home/huzy/ws_moveit2/install/moveit_setup_core_plugins:/home/huzy/ws_moveit2/install/moveit_setup_controllers:/home/huzy/ws_moveit2/install/moveit_setup_app_plugins:/home/huzy/ws_moveit2/install/moveit_setup_framework:/home/huzy/ws_moveit2/install/moveit_servo:/home/huzy/ws_moveit2/install/moveit_ros:/home/huzy/ws_moveit2/install/moveit_ros_visualization:/home/huzy/ws_moveit2/install/moveit_hybrid_planning:/home/huzy/ws_moveit2/install/moveit_ros_planning_interface:/home/huzy/ws_moveit2/install/moveit_ros_benchmarks:/home/huzy/ws_moveit2/install/moveit_ros_warehouse:/home/huzy/ws_moveit2/install/moveit_ros_robot_interaction:/home/huzy/ws_moveit2/install/moveit_ros_perception:/home/huzy/ws_moveit2/install/moveit_resources_prbt_pg70_support:/home/huzy/ws_moveit2/install/moveit_resources_prbt_moveit_config:/home/huzy/ws_moveit2/install/moveit_ros_move_group:/home/huzy/ws_moveit2/install/moveit_planners_ompl:/home/huzy/ws_moveit2/install/moveit_ros_planning:/home/huzy/ws_moveit2/install/moveit_ros_occupancy_map_monitor:/home/huzy/ws_moveit2/install/moveit_resources_prbt_ikfast_manipulator_plugin:/home/huzy/ws_moveit2/install/moveit_planners_chomp:/home/huzy/ws_moveit2/install/moveit_kinematics:/home/huzy/ws_moveit2/install/moveit_chomp_optimizer_adapter:/home/huzy/ws_moveit2/install/chomp_motion_planner:/home/huzy/ws_moveit2/install/moveit_core:/home/huzy/ws_moveit2/install/moveit_configs_utils:/home/huzy/ws_moveit2/install/srdfdom:/home/huzy/ws_moveit2/install/rviz_marker_tools:/home/huzy/ws_moveit2/install/rosparam_shortcuts:/home/huzy/ws_moveit2/install/moveit_task_constructor_msgs:/home/huzy/ws_moveit2/install/moveit_resources_prbt_support:/home/huzy/ws_moveit2/install/moveit_resources:/home/huzy/ws_moveit2/install/moveit_resources_pr2_description:/home/huzy/ws_moveit2/install/moveit_resources_panda_moveit_config:/home/huzy/ws_moveit2/install/moveit_resources_panda_description:/home/huzy/ws_moveit2/install/moveit_resources_fanuc_moveit_config:/home/huzy/ws_moveit2/install/moveit_resources_fanuc_description:/home/huzy/ws_moveit2/install/moveit_common:/home/huzy/ws_moveit2/install/launch_param_builder:/opt/ros/humble CMAKE_PREFIX_PATH=${CMAKE_PREFIX_PATH}:/home/huzy/rov_moveit2_ws/src/install/rov_description:/home/huzy/rov_moveit2_ws/src/rov_description/install/rov_description:/home/huzy/rov_moveit2_ws/install/rov_description:/home/huzy/ws_moveit2/install/moveit_configs_utils:/home/huzy/ws_moveit2/install/launch_param_builder:/opt/ros/humble PYTHONPATH=/home/huzy/rov_moveit2_ws/install/rov_description/lib/python3.10/site-packages:/home/huzy/rov_moveit2_ws/src/install/rov_description/lib/python3.10/site-packages:/home/huzy/rov_moveit2_ws/build/rov_description:/home/huzy/rov_moveit2_ws/src/rov_description/install/rov_description/lib/python3.10/site-packages:/home/huzy/ws_moveit2/install/moveit_task_constructor_core/local/lib/python3.10/dist-packages:/home/huzy/ws_moveit2/install/moveit_configs_utils/lib/python3.10/site-packages:/home/huzy/ws_moveit2/install/srdfdom/local/lib/python3.10/dist-packages:/home/huzy/ws_moveit2/install/moveit_task_constructor_msgs/local/lib/python3.10/dist-packages:/home/huzy/ws_moveit2/install/launch_param_builder/lib/python3.10/site-packages:/opt/ros/humble/lib/python3.10/site-packages:/opt/ros/humble/local/lib/python3.10/dist-packages /usr/bin/cmake --build /home/huzy/rov_moveit2_ws/build/rov_moveit_config -- -j8 -l8
[0.623s] DEBUG:colcon.colcon_core.event_handler.log_command:Invoked command in '/home/huzy/rov_moveit2_ws/build/rov_moveit_config' returned '0': AMENT_PREFIX_PATH=/home/huzy/rov_moveit2_ws/install/rov_description:/home/huzy/rov_moveit2_ws/install/rov_moveit_config:/home/huzy/rov_moveit2_ws/src/install/rov_moveit_config:/home/huzy/rov_moveit2_ws/install/rov_moveit2_config:/home/huzy/rov_moveit2_ws/src/install/rov_description:/home/huzy/rov_robot_ros2/src/install/rov_movit_config:/home/huzy/rov_moveit2_ws/src/rov_description/install/rov_description:/home/huzy/ws_moveit2/install/pilz_industrial_motion_planner_testutils:/home/huzy/ws_moveit2/install/moveit_runtime:/home/huzy/ws_moveit2/install/moveit2_tutorials:/home/huzy/ws_moveit2/install/moveit:/home/huzy/ws_moveit2/install/moveit_planners:/home/huzy/ws_moveit2/install/pilz_industrial_motion_planner:/home/huzy/ws_moveit2/install/mtc_tutorial:/home/huzy/ws_moveit2/install/hello_moveit:/home/huzy/ws_moveit2/install/moveit_visual_tools:/home/huzy/ws_moveit2/install/moveit_task_constructor_visualization:/home/huzy/ws_moveit2/install/moveit_task_constructor_demo:/home/huzy/ws_moveit2/install/moveit_task_constructor_capabilities:/home/huzy/ws_moveit2/install/moveit_task_constructor_core:/home/huzy/ws_moveit2/install/moveit_ros_control_interface:/home/huzy/ws_moveit2/install/moveit_plugins:/home/huzy/ws_moveit2/install/moveit_simple_controller_manager:/home/huzy/ws_moveit2/install/moveit_setup_assistant:/home/huzy/ws_moveit2/install/moveit_setup_srdf_plugins:/home/huzy/ws_moveit2/install/moveit_setup_core_plugins:/home/huzy/ws_moveit2/install/moveit_setup_controllers:/home/huzy/ws_moveit2/install/moveit_setup_app_plugins:/home/huzy/ws_moveit2/install/moveit_setup_framework:/home/huzy/ws_moveit2/install/moveit_servo:/home/huzy/ws_moveit2/install/moveit_ros:/home/huzy/ws_moveit2/install/moveit_ros_visualization:/home/huzy/ws_moveit2/install/moveit_hybrid_planning:/home/huzy/ws_moveit2/install/moveit_ros_planning_interface:/home/huzy/ws_moveit2/install/moveit_ros_benchmarks:/home/huzy/ws_moveit2/install/moveit_ros_warehouse:/home/huzy/ws_moveit2/install/moveit_ros_robot_interaction:/home/huzy/ws_moveit2/install/moveit_ros_perception:/home/huzy/ws_moveit2/install/moveit_resources_prbt_pg70_support:/home/huzy/ws_moveit2/install/moveit_resources_prbt_moveit_config:/home/huzy/ws_moveit2/install/moveit_ros_move_group:/home/huzy/ws_moveit2/install/moveit_planners_ompl:/home/huzy/ws_moveit2/install/moveit_ros_planning:/home/huzy/ws_moveit2/install/moveit_ros_occupancy_map_monitor:/home/huzy/ws_moveit2/install/moveit_resources_prbt_ikfast_manipulator_plugin:/home/huzy/ws_moveit2/install/moveit_planners_chomp:/home/huzy/ws_moveit2/install/moveit_kinematics:/home/huzy/ws_moveit2/install/moveit_chomp_optimizer_adapter:/home/huzy/ws_moveit2/install/chomp_motion_planner:/home/huzy/ws_moveit2/install/moveit_core:/home/huzy/ws_moveit2/install/moveit_configs_utils:/home/huzy/ws_moveit2/install/srdfdom:/home/huzy/ws_moveit2/install/rviz_marker_tools:/home/huzy/ws_moveit2/install/rosparam_shortcuts:/home/huzy/ws_moveit2/install/moveit_task_constructor_msgs:/home/huzy/ws_moveit2/install/moveit_resources_prbt_support:/home/huzy/ws_moveit2/install/moveit_resources:/home/huzy/ws_moveit2/install/moveit_resources_pr2_description:/home/huzy/ws_moveit2/install/moveit_resources_panda_moveit_config:/home/huzy/ws_moveit2/install/moveit_resources_panda_description:/home/huzy/ws_moveit2/install/moveit_resources_fanuc_moveit_config:/home/huzy/ws_moveit2/install/moveit_resources_fanuc_description:/home/huzy/ws_moveit2/install/moveit_common:/home/huzy/ws_moveit2/install/launch_param_builder:/opt/ros/humble CMAKE_PREFIX_PATH=${CMAKE_PREFIX_PATH}:/home/huzy/rov_moveit2_ws/src/install/rov_description:/home/huzy/rov_moveit2_ws/src/rov_description/install/rov_description:/home/huzy/rov_moveit2_ws/install/rov_description:/home/huzy/ws_moveit2/install/moveit_configs_utils:/home/huzy/ws_moveit2/install/launch_param_builder:/opt/ros/humble PYTHONPATH=/home/huzy/rov_moveit2_ws/install/rov_description/lib/python3.10/site-packages:/home/huzy/rov_moveit2_ws/src/install/rov_description/lib/python3.10/site-packages:/home/huzy/rov_moveit2_ws/build/rov_description:/home/huzy/rov_moveit2_ws/src/rov_description/install/rov_description/lib/python3.10/site-packages:/home/huzy/ws_moveit2/install/moveit_task_constructor_core/local/lib/python3.10/dist-packages:/home/huzy/ws_moveit2/install/moveit_configs_utils/lib/python3.10/site-packages:/home/huzy/ws_moveit2/install/srdfdom/local/lib/python3.10/dist-packages:/home/huzy/ws_moveit2/install/moveit_task_constructor_msgs/local/lib/python3.10/dist-packages:/home/huzy/ws_moveit2/install/launch_param_builder/lib/python3.10/site-packages:/opt/ros/humble/lib/python3.10/site-packages:/opt/ros/humble/local/lib/python3.10/dist-packages /usr/bin/cmake --build /home/huzy/rov_moveit2_ws/build/rov_moveit_config -- -j8 -l8
[0.654s] DEBUG:colcon.colcon_core.event_handler.log_command:Invoking command in '/home/huzy/rov_moveit2_ws/build/rov_moveit_config': AMENT_PREFIX_PATH=/home/huzy/rov_moveit2_ws/install/rov_description:/home/huzy/rov_moveit2_ws/install/rov_moveit_config:/home/huzy/rov_moveit2_ws/src/install/rov_moveit_config:/home/huzy/rov_moveit2_ws/install/rov_moveit2_config:/home/huzy/rov_moveit2_ws/src/install/rov_description:/home/huzy/rov_robot_ros2/src/install/rov_movit_config:/home/huzy/rov_moveit2_ws/src/rov_description/install/rov_description:/home/huzy/ws_moveit2/install/pilz_industrial_motion_planner_testutils:/home/huzy/ws_moveit2/install/moveit_runtime:/home/huzy/ws_moveit2/install/moveit2_tutorials:/home/huzy/ws_moveit2/install/moveit:/home/huzy/ws_moveit2/install/moveit_planners:/home/huzy/ws_moveit2/install/pilz_industrial_motion_planner:/home/huzy/ws_moveit2/install/mtc_tutorial:/home/huzy/ws_moveit2/install/hello_moveit:/home/huzy/ws_moveit2/install/moveit_visual_tools:/home/huzy/ws_moveit2/install/moveit_task_constructor_visualization:/home/huzy/ws_moveit2/install/moveit_task_constructor_demo:/home/huzy/ws_moveit2/install/moveit_task_constructor_capabilities:/home/huzy/ws_moveit2/install/moveit_task_constructor_core:/home/huzy/ws_moveit2/install/moveit_ros_control_interface:/home/huzy/ws_moveit2/install/moveit_plugins:/home/huzy/ws_moveit2/install/moveit_simple_controller_manager:/home/huzy/ws_moveit2/install/moveit_setup_assistant:/home/huzy/ws_moveit2/install/moveit_setup_srdf_plugins:/home/huzy/ws_moveit2/install/moveit_setup_core_plugins:/home/huzy/ws_moveit2/install/moveit_setup_controllers:/home/huzy/ws_moveit2/install/moveit_setup_app_plugins:/home/huzy/ws_moveit2/install/moveit_setup_framework:/home/huzy/ws_moveit2/install/moveit_servo:/home/huzy/ws_moveit2/install/moveit_ros:/home/huzy/ws_moveit2/install/moveit_ros_visualization:/home/huzy/ws_moveit2/install/moveit_hybrid_planning:/home/huzy/ws_moveit2/install/moveit_ros_planning_interface:/home/huzy/ws_moveit2/install/moveit_ros_benchmarks:/home/huzy/ws_moveit2/install/moveit_ros_warehouse:/home/huzy/ws_moveit2/install/moveit_ros_robot_interaction:/home/huzy/ws_moveit2/install/moveit_ros_perception:/home/huzy/ws_moveit2/install/moveit_resources_prbt_pg70_support:/home/huzy/ws_moveit2/install/moveit_resources_prbt_moveit_config:/home/huzy/ws_moveit2/install/moveit_ros_move_group:/home/huzy/ws_moveit2/install/moveit_planners_ompl:/home/huzy/ws_moveit2/install/moveit_ros_planning:/home/huzy/ws_moveit2/install/moveit_ros_occupancy_map_monitor:/home/huzy/ws_moveit2/install/moveit_resources_prbt_ikfast_manipulator_plugin:/home/huzy/ws_moveit2/install/moveit_planners_chomp:/home/huzy/ws_moveit2/install/moveit_kinematics:/home/huzy/ws_moveit2/install/moveit_chomp_optimizer_adapter:/home/huzy/ws_moveit2/install/chomp_motion_planner:/home/huzy/ws_moveit2/install/moveit_core:/home/huzy/ws_moveit2/install/moveit_configs_utils:/home/huzy/ws_moveit2/install/srdfdom:/home/huzy/ws_moveit2/install/rviz_marker_tools:/home/huzy/ws_moveit2/install/rosparam_shortcuts:/home/huzy/ws_moveit2/install/moveit_task_constructor_msgs:/home/huzy/ws_moveit2/install/moveit_resources_prbt_support:/home/huzy/ws_moveit2/install/moveit_resources:/home/huzy/ws_moveit2/install/moveit_resources_pr2_description:/home/huzy/ws_moveit2/install/moveit_resources_panda_moveit_config:/home/huzy/ws_moveit2/install/moveit_resources_panda_description:/home/huzy/ws_moveit2/install/moveit_resources_fanuc_moveit_config:/home/huzy/ws_moveit2/install/moveit_resources_fanuc_description:/home/huzy/ws_moveit2/install/moveit_common:/home/huzy/ws_moveit2/install/launch_param_builder:/opt/ros/humble CMAKE_PREFIX_PATH=${CMAKE_PREFIX_PATH}:/home/huzy/rov_moveit2_ws/src/install/rov_description:/home/huzy/rov_moveit2_ws/src/rov_description/install/rov_description:/home/huzy/rov_moveit2_ws/install/rov_description:/home/huzy/ws_moveit2/install/moveit_configs_utils:/home/huzy/ws_moveit2/install/launch_param_builder:/opt/ros/humble PYTHONPATH=/home/huzy/rov_moveit2_ws/install/rov_description/lib/python3.10/site-packages:/home/huzy/rov_moveit2_ws/src/install/rov_description/lib/python3.10/site-packages:/home/huzy/rov_moveit2_ws/build/rov_description:/home/huzy/rov_moveit2_ws/src/rov_description/install/rov_description/lib/python3.10/site-packages:/home/huzy/ws_moveit2/install/moveit_task_constructor_core/local/lib/python3.10/dist-packages:/home/huzy/ws_moveit2/install/moveit_configs_utils/lib/python3.10/site-packages:/home/huzy/ws_moveit2/install/srdfdom/local/lib/python3.10/dist-packages:/home/huzy/ws_moveit2/install/moveit_task_constructor_msgs/local/lib/python3.10/dist-packages:/home/huzy/ws_moveit2/install/launch_param_builder/lib/python3.10/site-packages:/opt/ros/humble/lib/python3.10/site-packages:/opt/ros/humble/local/lib/python3.10/dist-packages /usr/bin/cmake --install /home/huzy/rov_moveit2_ws/build/rov_moveit_config
[0.686s] Level 1:colcon.colcon_core.environment:create_environment_scripts_only(rov_moveit_config)
[0.688s] DEBUG:colcon.colcon_core.event_handler.log_command:Invoked command in '/home/huzy/rov_moveit2_ws/build/rov_moveit_config' returned '0': AMENT_PREFIX_PATH=/home/huzy/rov_moveit2_ws/install/rov_description:/home/huzy/rov_moveit2_ws/install/rov_moveit_config:/home/huzy/rov_moveit2_ws/src/install/rov_moveit_config:/home/huzy/rov_moveit2_ws/install/rov_moveit2_config:/home/huzy/rov_moveit2_ws/src/install/rov_description:/home/huzy/rov_robot_ros2/src/install/rov_movit_config:/home/huzy/rov_moveit2_ws/src/rov_description/install/rov_description:/home/huzy/ws_moveit2/install/pilz_industrial_motion_planner_testutils:/home/huzy/ws_moveit2/install/moveit_runtime:/home/huzy/ws_moveit2/install/moveit2_tutorials:/home/huzy/ws_moveit2/install/moveit:/home/huzy/ws_moveit2/install/moveit_planners:/home/huzy/ws_moveit2/install/pilz_industrial_motion_planner:/home/huzy/ws_moveit2/install/mtc_tutorial:/home/huzy/ws_moveit2/install/hello_moveit:/home/huzy/ws_moveit2/install/moveit_visual_tools:/home/huzy/ws_moveit2/install/moveit_task_constructor_visualization:/home/huzy/ws_moveit2/install/moveit_task_constructor_demo:/home/huzy/ws_moveit2/install/moveit_task_constructor_capabilities:/home/huzy/ws_moveit2/install/moveit_task_constructor_core:/home/huzy/ws_moveit2/install/moveit_ros_control_interface:/home/huzy/ws_moveit2/install/moveit_plugins:/home/huzy/ws_moveit2/install/moveit_simple_controller_manager:/home/huzy/ws_moveit2/install/moveit_setup_assistant:/home/huzy/ws_moveit2/install/moveit_setup_srdf_plugins:/home/huzy/ws_moveit2/install/moveit_setup_core_plugins:/home/huzy/ws_moveit2/install/moveit_setup_controllers:/home/huzy/ws_moveit2/install/moveit_setup_app_plugins:/home/huzy/ws_moveit2/install/moveit_setup_framework:/home/huzy/ws_moveit2/install/moveit_servo:/home/huzy/ws_moveit2/install/moveit_ros:/home/huzy/ws_moveit2/install/moveit_ros_visualization:/home/huzy/ws_moveit2/install/moveit_hybrid_planning:/home/huzy/ws_moveit2/install/moveit_ros_planning_interface:/home/huzy/ws_moveit2/install/moveit_ros_benchmarks:/home/huzy/ws_moveit2/install/moveit_ros_warehouse:/home/huzy/ws_moveit2/install/moveit_ros_robot_interaction:/home/huzy/ws_moveit2/install/moveit_ros_perception:/home/huzy/ws_moveit2/install/moveit_resources_prbt_pg70_support:/home/huzy/ws_moveit2/install/moveit_resources_prbt_moveit_config:/home/huzy/ws_moveit2/install/moveit_ros_move_group:/home/huzy/ws_moveit2/install/moveit_planners_ompl:/home/huzy/ws_moveit2/install/moveit_ros_planning:/home/huzy/ws_moveit2/install/moveit_ros_occupancy_map_monitor:/home/huzy/ws_moveit2/install/moveit_resources_prbt_ikfast_manipulator_plugin:/home/huzy/ws_moveit2/install/moveit_planners_chomp:/home/huzy/ws_moveit2/install/moveit_kinematics:/home/huzy/ws_moveit2/install/moveit_chomp_optimizer_adapter:/home/huzy/ws_moveit2/install/chomp_motion_planner:/home/huzy/ws_moveit2/install/moveit_core:/home/huzy/ws_moveit2/install/moveit_configs_utils:/home/huzy/ws_moveit2/install/srdfdom:/home/huzy/ws_moveit2/install/rviz_marker_tools:/home/huzy/ws_moveit2/install/rosparam_shortcuts:/home/huzy/ws_moveit2/install/moveit_task_constructor_msgs:/home/huzy/ws_moveit2/install/moveit_resources_prbt_support:/home/huzy/ws_moveit2/install/moveit_resources:/home/huzy/ws_moveit2/install/moveit_resources_pr2_description:/home/huzy/ws_moveit2/install/moveit_resources_panda_moveit_config:/home/huzy/ws_moveit2/install/moveit_resources_panda_description:/home/huzy/ws_moveit2/install/moveit_resources_fanuc_moveit_config:/home/huzy/ws_moveit2/install/moveit_resources_fanuc_description:/home/huzy/ws_moveit2/install/moveit_common:/home/huzy/ws_moveit2/install/launch_param_builder:/opt/ros/humble CMAKE_PREFIX_PATH=${CMAKE_PREFIX_PATH}:/home/huzy/rov_moveit2_ws/src/install/rov_description:/home/huzy/rov_moveit2_ws/src/rov_description/install/rov_description:/home/huzy/rov_moveit2_ws/install/rov_description:/home/huzy/ws_moveit2/install/moveit_configs_utils:/home/huzy/ws_moveit2/install/launch_param_builder:/opt/ros/humble PYTHONPATH=/home/huzy/rov_moveit2_ws/install/rov_description/lib/python3.10/site-packages:/home/huzy/rov_moveit2_ws/src/install/rov_description/lib/python3.10/site-packages:/home/huzy/rov_moveit2_ws/build/rov_description:/home/huzy/rov_moveit2_ws/src/rov_description/install/rov_description/lib/python3.10/site-packages:/home/huzy/ws_moveit2/install/moveit_task_constructor_core/local/lib/python3.10/dist-packages:/home/huzy/ws_moveit2/install/moveit_configs_utils/lib/python3.10/site-packages:/home/huzy/ws_moveit2/install/srdfdom/local/lib/python3.10/dist-packages:/home/huzy/ws_moveit2/install/moveit_task_constructor_msgs/local/lib/python3.10/dist-packages:/home/huzy/ws_moveit2/install/launch_param_builder/lib/python3.10/site-packages:/opt/ros/humble/lib/python3.10/site-packages:/opt/ros/humble/local/lib/python3.10/dist-packages /usr/bin/cmake --install /home/huzy/rov_moveit2_ws/build/rov_moveit_config
[0.691s] Level 1:colcon.colcon_core.environment:checking '/home/huzy/rov_moveit2_ws/install/rov_moveit_config' for CMake module files
[0.692s] Level 1:colcon.colcon_core.environment:checking '/home/huzy/rov_moveit2_ws/install/rov_moveit_config' for CMake config files
[0.692s] Level 1:colcon.colcon_core.shell:create_environment_hook('rov_moveit_config', 'cmake_prefix_path')
[0.692s] INFO:colcon.colcon_core.shell:Creating environment hook '/home/huzy/rov_moveit2_ws/install/rov_moveit_config/share/rov_moveit_config/hook/cmake_prefix_path.ps1'
[0.693s] INFO:colcon.colcon_core.shell:Creating environment descriptor '/home/huzy/rov_moveit2_ws/install/rov_moveit_config/share/rov_moveit_config/hook/cmake_prefix_path.dsv'
[0.694s] INFO:colcon.colcon_core.shell:Creating environment hook '/home/huzy/rov_moveit2_ws/install/rov_moveit_config/share/rov_moveit_config/hook/cmake_prefix_path.sh'
[0.695s] Level 1:colcon.colcon_core.environment:checking '/home/huzy/rov_moveit2_ws/install/rov_moveit_config/bin'
[0.695s] Level 1:colcon.colcon_core.environment:checking '/home/huzy/rov_moveit2_ws/install/rov_moveit_config/lib/pkgconfig/rov_moveit_config.pc'
[0.695s] Level 1:colcon.colcon_core.environment:checking '/home/huzy/rov_moveit2_ws/install/rov_moveit_config/lib/python3.10/site-packages'
[0.696s] Level 1:colcon.colcon_core.environment:checking '/home/huzy/rov_moveit2_ws/install/rov_moveit_config/bin'
[0.696s] INFO:colcon.colcon_core.shell:Creating package script '/home/huzy/rov_moveit2_ws/install/rov_moveit_config/share/rov_moveit_config/package.ps1'
[0.697s] INFO:colcon.colcon_core.shell:Creating package descriptor '/home/huzy/rov_moveit2_ws/install/rov_moveit_config/share/rov_moveit_config/package.dsv'
[0.697s] INFO:colcon.colcon_core.shell:Creating package script '/home/huzy/rov_moveit2_ws/install/rov_moveit_config/share/rov_moveit_config/package.sh'
[0.698s] INFO:colcon.colcon_core.shell:Creating package script '/home/huzy/rov_moveit2_ws/install/rov_moveit_config/share/rov_moveit_config/package.bash'
[0.699s] INFO:colcon.colcon_core.shell:Creating package script '/home/huzy/rov_moveit2_ws/install/rov_moveit_config/share/rov_moveit_config/package.zsh'
[0.699s] Level 1:colcon.colcon_core.environment:create_file_with_runtime_dependencies(/home/huzy/rov_moveit2_ws/install/rov_moveit_config/share/colcon-core/packages/rov_moveit_config)
[0.700s] Level 1:colcon.colcon_core.environment:create_environment_scripts_only(rov_moveit_config)
[0.700s] Level 1:colcon.colcon_core.environment:checking '/home/huzy/rov_moveit2_ws/install/rov_moveit_config' for CMake module files
[0.701s] Level 1:colcon.colcon_core.environment:checking '/home/huzy/rov_moveit2_ws/install/rov_moveit_config' for CMake config files
[0.701s] Level 1:colcon.colcon_core.shell:create_environment_hook('rov_moveit_config', 'cmake_prefix_path')
[0.702s] INFO:colcon.colcon_core.shell:Creating environment hook '/home/huzy/rov_moveit2_ws/install/rov_moveit_config/share/rov_moveit_config/hook/cmake_prefix_path.ps1'
[0.702s] INFO:colcon.colcon_core.shell:Creating environment descriptor '/home/huzy/rov_moveit2_ws/install/rov_moveit_config/share/rov_moveit_config/hook/cmake_prefix_path.dsv'
[0.703s] INFO:colcon.colcon_core.shell:Creating environment hook '/home/huzy/rov_moveit2_ws/install/rov_moveit_config/share/rov_moveit_config/hook/cmake_prefix_path.sh'
[0.703s] Level 1:colcon.colcon_core.environment:checking '/home/huzy/rov_moveit2_ws/install/rov_moveit_config/bin'
[0.703s] Level 1:colcon.colcon_core.environment:checking '/home/huzy/rov_moveit2_ws/install/rov_moveit_config/lib/pkgconfig/rov_moveit_config.pc'
[0.703s] Level 1:colcon.colcon_core.environment:checking '/home/huzy/rov_moveit2_ws/install/rov_moveit_config/lib/python3.10/site-packages'
[0.704s] Level 1:colcon.colcon_core.environment:checking '/home/huzy/rov_moveit2_ws/install/rov_moveit_config/bin'
[0.704s] INFO:colcon.colcon_core.shell:Creating package script '/home/huzy/rov_moveit2_ws/install/rov_moveit_config/share/rov_moveit_config/package.ps1'
[0.704s] INFO:colcon.colcon_core.shell:Creating package descriptor '/home/huzy/rov_moveit2_ws/install/rov_moveit_config/share/rov_moveit_config/package.dsv'
[0.705s] INFO:colcon.colcon_core.shell:Creating package script '/home/huzy/rov_moveit2_ws/install/rov_moveit_config/share/rov_moveit_config/package.sh'
[0.705s] INFO:colcon.colcon_core.shell:Creating package script '/home/huzy/rov_moveit2_ws/install/rov_moveit_config/share/rov_moveit_config/package.bash'
[0.706s] INFO:colcon.colcon_core.shell:Creating package script '/home/huzy/rov_moveit2_ws/install/rov_moveit_config/share/rov_moveit_config/package.zsh'
[0.707s] Level 1:colcon.colcon_core.environment:create_file_with_runtime_dependencies(/home/huzy/rov_moveit2_ws/install/rov_moveit_config/share/colcon-core/packages/rov_moveit_config)
[0.707s] DEBUG:colcon.colcon_parallel_executor.executor.parallel:closing loop
[0.708s] DEBUG:colcon.colcon_parallel_executor.executor.parallel:loop closed
[0.708s] DEBUG:colcon.colcon_parallel_executor.executor.parallel:run_until_complete finished with '0'
[0.708s] DEBUG:colcon.colcon_core.event_reactor:joining thread
[0.717s] INFO:colcon.colcon_core.plugin_system:Skipping extension 'colcon_notification.desktop_notification.terminal_notifier': Not used on non-Darwin systems
[0.717s] INFO:colcon.colcon_core.plugin_system:Skipping extension 'colcon_notification.desktop_notification.win32': Not used on non-Windows systems
[0.717s] INFO:colcon.colcon_notification.desktop_notification:Sending desktop notification using 'notify2'
[0.735s] DEBUG:colcon.colcon_core.event_reactor:joined thread
[0.736s] INFO:colcon.colcon_core.shell:Creating prefix script '/home/huzy/rov_moveit2_ws/install/local_setup.ps1'
[0.737s] INFO:colcon.colcon_core.shell:Creating prefix util module '/home/huzy/rov_moveit2_ws/install/_local_setup_util_ps1.py'
[0.739s] INFO:colcon.colcon_core.shell:Creating prefix chain script '/home/huzy/rov_moveit2_ws/install/setup.ps1'
[0.748s] INFO:colcon.colcon_core.shell:Creating prefix script '/home/huzy/rov_moveit2_ws/install/local_setup.sh'
[0.749s] INFO:colcon.colcon_core.shell:Creating prefix util module '/home/huzy/rov_moveit2_ws/install/_local_setup_util_sh.py'
[0.750s] INFO:colcon.colcon_core.shell:Creating prefix chain script '/home/huzy/rov_moveit2_ws/install/setup.sh'
[0.758s] INFO:colcon.colcon_core.shell:Creating prefix script '/home/huzy/rov_moveit2_ws/install/local_setup.bash'
[0.759s] INFO:colcon.colcon_core.shell:Creating prefix chain script '/home/huzy/rov_moveit2_ws/install/setup.bash'
[0.768s] INFO:colcon.colcon_core.shell:Creating prefix script '/home/huzy/rov_moveit2_ws/install/local_setup.zsh'
[0.769s] INFO:colcon.colcon_core.shell:Creating prefix chain script '/home/huzy/rov_moveit2_ws/install/setup.zsh'
