[0.458s] Invoking command in '/home/huzy/rov_moveit2_ws/src/rov_description': PYTHONPATH=/home/huzy/rov_moveit2_ws/src/rov_description/build/rov_description/prefix_override:/usr/lib/python3/dist-packages/colcon_core/task/python/colcon_distutils_commands:/home/huzy/rov_moveit2_ws/src/rov_description/install/rov_description/lib/python3.10/site-packages:${PYTHONPATH} /usr/bin/python3 -W ignore:setup.py install is deprecated -W ignore:easy_install command is deprecated setup.py egg_info --egg-base build/rov_description build --build-base /home/huzy/rov_moveit2_ws/src/rov_description/build/rov_description/build install --record /home/huzy/rov_moveit2_ws/src/rov_description/build/rov_description/install.log --single-version-externally-managed install_data
[0.615s] running egg_info
[0.615s] writing build/rov_description/rov_description.egg-info/PKG-INFO
[0.616s] writing dependency_links to build/rov_description/rov_description.egg-info/dependency_links.txt
[0.616s] writing entry points to build/rov_description/rov_description.egg-info/entry_points.txt
[0.616s] writing requirements to build/rov_description/rov_description.egg-info/requires.txt
[0.616s] writing top-level names to build/rov_description/rov_description.egg-info/top_level.txt
[0.617s] reading manifest file 'build/rov_description/rov_description.egg-info/SOURCES.txt'
[0.618s] writing manifest file 'build/rov_description/rov_description.egg-info/SOURCES.txt'
[0.618s] running build
[0.618s] running build_py
[0.618s] running install
[0.618s] running install_lib
[0.620s] running install_data
[0.620s] copying urdf/rov.urdf -> /home/huzy/rov_moveit2_ws/src/rov_description/install/rov_description/share/rov_description/urdf
[0.620s] running install_egg_info
[0.621s] removing '/home/huzy/rov_moveit2_ws/src/rov_description/install/rov_description/lib/python3.10/site-packages/rov_description-0.0.0-py3.10.egg-info' (and everything under it)
[0.622s] Copying build/rov_description/rov_description.egg-info to /home/huzy/rov_moveit2_ws/src/rov_description/install/rov_description/lib/python3.10/site-packages/rov_description-0.0.0-py3.10.egg-info
[0.622s] running install_scripts
[0.639s] writing list of installed files to '/home/huzy/rov_moveit2_ws/src/rov_description/build/rov_description/install.log'
[0.660s] Invoked command in '/home/huzy/rov_moveit2_ws/src/rov_description' returned '0': PYTHONPATH=/home/huzy/rov_moveit2_ws/src/rov_description/build/rov_description/prefix_override:/usr/lib/python3/dist-packages/colcon_core/task/python/colcon_distutils_commands:/home/huzy/rov_moveit2_ws/src/rov_description/install/rov_description/lib/python3.10/site-packages:${PYTHONPATH} /usr/bin/python3 -W ignore:setup.py install is deprecated -W ignore:easy_install command is deprecated setup.py egg_info --egg-base build/rov_description build --build-base /home/huzy/rov_moveit2_ws/src/rov_description/build/rov_description/build install --record /home/huzy/rov_moveit2_ws/src/rov_description/build/rov_description/install.log --single-version-externally-managed install_data
