[0.432s] Invoking command in '/home/huzy/rov_moveit2_ws/src/rov_description': PYTHONPATH=/home/huzy/rov_moveit2_ws/src/rov_description/build/rov_description/prefix_override:/usr/lib/python3/dist-packages/colcon_core/task/python/colcon_distutils_commands:/home/huzy/rov_moveit2_ws/src/rov_description/install/rov_description/lib/python3.10/site-packages:${PYTHONPATH} /usr/bin/python3 -W ignore:setup.py install is deprecated -W ignore:easy_install command is deprecated setup.py egg_info --egg-base build/rov_description build --build-base /home/huzy/rov_moveit2_ws/src/rov_description/build/rov_description/build install --record /home/huzy/rov_moveit2_ws/src/rov_description/build/rov_description/install.log --single-version-externally-managed install_data
[0.588s] running egg_info
[0.588s] creating build/rov_description/rov_description.egg-info
[0.588s] writing build/rov_description/rov_description.egg-info/PKG-INFO
[0.588s] writing dependency_links to build/rov_description/rov_description.egg-info/dependency_links.txt
[0.588s] writing entry points to build/rov_description/rov_description.egg-info/entry_points.txt
[0.588s] writing requirements to build/rov_description/rov_description.egg-info/requires.txt
[0.589s] writing top-level names to build/rov_description/rov_description.egg-info/top_level.txt
[0.589s] writing manifest file 'build/rov_description/rov_description.egg-info/SOURCES.txt'
[0.590s] reading manifest file 'build/rov_description/rov_description.egg-info/SOURCES.txt'
[0.590s] writing manifest file 'build/rov_description/rov_description.egg-info/SOURCES.txt'
[0.590s] running build
[0.591s] running build_py
[0.591s] creating /home/huzy/rov_moveit2_ws/src/rov_description/build/rov_description/build
[0.591s] creating /home/huzy/rov_moveit2_ws/src/rov_description/build/rov_description/build/lib
[0.591s] creating /home/huzy/rov_moveit2_ws/src/rov_description/build/rov_description/build/lib/rov_description
[0.591s] copying rov_description/__init__.py -> /home/huzy/rov_moveit2_ws/src/rov_description/build/rov_description/build/lib/rov_description
[0.591s] running install
[0.591s] running install_lib
[0.592s] creating /home/huzy/rov_moveit2_ws/src/rov_description/install/rov_description/lib/python3.10/site-packages/rov_description
[0.592s] copying /home/huzy/rov_moveit2_ws/src/rov_description/build/rov_description/build/lib/rov_description/__init__.py -> /home/huzy/rov_moveit2_ws/src/rov_description/install/rov_description/lib/python3.10/site-packages/rov_description
[0.592s] byte-compiling /home/huzy/rov_moveit2_ws/src/rov_description/install/rov_description/lib/python3.10/site-packages/rov_description/__init__.py to __init__.cpython-310.pyc
[0.593s] running install_data
[0.593s] creating /home/huzy/rov_moveit2_ws/src/rov_description/install/rov_description/share/ament_index
[0.593s] creating /home/huzy/rov_moveit2_ws/src/rov_description/install/rov_description/share/ament_index/resource_index
[0.593s] creating /home/huzy/rov_moveit2_ws/src/rov_description/install/rov_description/share/ament_index/resource_index/packages
[0.593s] copying resource/rov_description -> /home/huzy/rov_moveit2_ws/src/rov_description/install/rov_description/share/ament_index/resource_index/packages
[0.593s] copying package.xml -> /home/huzy/rov_moveit2_ws/src/rov_description/install/rov_description/share/rov_description
[0.593s] creating /home/huzy/rov_moveit2_ws/src/rov_description/install/rov_description/share/rov_description/launch
[0.593s] creating /home/huzy/rov_moveit2_ws/src/rov_description/install/rov_description/share/rov_description/urdf
[0.593s] copying urdf/rov.urdf -> /home/huzy/rov_moveit2_ws/src/rov_description/install/rov_description/share/rov_description/urdf
[0.593s] creating /home/huzy/rov_moveit2_ws/src/rov_description/install/rov_description/share/rov_description/meshes
[0.593s] copying meshes/BottomLink.STL -> /home/huzy/rov_moveit2_ws/src/rov_description/install/rov_description/share/rov_description/meshes
[0.594s] copying meshes/base_link.STL -> /home/huzy/rov_moveit2_ws/src/rov_description/install/rov_description/share/rov_description/meshes
[0.594s] copying meshes/Link4.STL -> /home/huzy/rov_moveit2_ws/src/rov_description/install/rov_description/share/rov_description/meshes
[0.594s] copying meshes/LinkGG.STL -> /home/huzy/rov_moveit2_ws/src/rov_description/install/rov_description/share/rov_description/meshes
[0.594s] copying meshes/Link1.STL -> /home/huzy/rov_moveit2_ws/src/rov_description/install/rov_description/share/rov_description/meshes
[0.594s] copying meshes/Link2.STL -> /home/huzy/rov_moveit2_ws/src/rov_description/install/rov_description/share/rov_description/meshes
[0.595s] copying meshes/Link3.STL -> /home/huzy/rov_moveit2_ws/src/rov_description/install/rov_description/share/rov_description/meshes
[0.595s] copying meshes/LinkGR.STL -> /home/huzy/rov_moveit2_ws/src/rov_description/install/rov_description/share/rov_description/meshes
[0.595s] copying meshes/LinkGL.STL -> /home/huzy/rov_moveit2_ws/src/rov_description/install/rov_description/share/rov_description/meshes
[0.595s] running install_egg_info
[0.596s] Copying build/rov_description/rov_description.egg-info to /home/huzy/rov_moveit2_ws/src/rov_description/install/rov_description/lib/python3.10/site-packages/rov_description-0.0.0-py3.10.egg-info
[0.597s] running install_scripts
[0.611s] writing list of installed files to '/home/huzy/rov_moveit2_ws/src/rov_description/build/rov_description/install.log'
[0.629s] Invoked command in '/home/huzy/rov_moveit2_ws/src/rov_description' returned '0': PYTHONPATH=/home/huzy/rov_moveit2_ws/src/rov_description/build/rov_description/prefix_override:/usr/lib/python3/dist-packages/colcon_core/task/python/colcon_distutils_commands:/home/huzy/rov_moveit2_ws/src/rov_description/install/rov_description/lib/python3.10/site-packages:${PYTHONPATH} /usr/bin/python3 -W ignore:setup.py install is deprecated -W ignore:easy_install command is deprecated setup.py egg_info --egg-base build/rov_description build --build-base /home/huzy/rov_moveit2_ws/src/rov_description/build/rov_description/build install --record /home/huzy/rov_moveit2_ws/src/rov_description/build/rov_description/install.log --single-version-externally-managed install_data
