[0.127s] DEBUG:colcon:Command line arguments: ['/usr/bin/colcon', 'build']
[0.127s] DEBUG:colcon:Parsed command line arguments: Namespace(log_base=None, log_level=None, verb_name='build', build_base='build', install_base='install', merge_install=False, symlink_install=False, test_result_base=None, continue_on_error=False, executor='parallel', parallel_workers=8, event_handlers=None, ignore_user_meta=False, metas=['./colcon.meta'], base_paths=['.'], packages_ignore=None, packages_ignore_regex=None, paths=None, packages_up_to=None, packages_up_to_regex=None, packages_above=None, packages_above_and_dependencies=None, packages_above_depth=None, packages_select_by_dep=None, packages_skip_by_dep=None, packages_skip_up_to=None, packages_select_build_failed=False, packages_skip_build_finished=False, packages_select_test_failures=False, packages_skip_test_passed=False, packages_select=None, packages_skip=None, packages_select_regex=None, packages_skip_regex=None, packages_start=None, packages_end=None, allow_overriding=[], cmake_args=None, cmake_target=None, cmake_target_skip_unavailable=False, cmake_clean_cache=False, cmake_clean_first=False, cmake_force_configure=False, ament_cmake_args=None, catkin_cmake_args=None, catkin_skip_building_tests=False, mixin_files=None, mixin=None, verb_parser=<colcon_mixin.mixin.mixin_argument.MixinArgumentDecorator object at 0x78aaa2556980>, verb_extension=<colcon_core.verb.build.BuildVerb object at 0x78aaa2556410>, main=<bound method BuildVerb.main of <colcon_core.verb.build.BuildVerb object at 0x78aaa2556410>>, mixin_verb=('build',))
[0.321s] Level 1:colcon.colcon_core.package_discovery:discover_packages(colcon_meta) check parameters
[0.322s] Level 1:colcon.colcon_core.package_discovery:discover_packages(recursive) check parameters
[0.322s] Level 1:colcon.colcon_core.package_discovery:discover_packages(ignore) check parameters
[0.322s] Level 1:colcon.colcon_core.package_discovery:discover_packages(path) check parameters
[0.322s] Level 1:colcon.colcon_core.package_discovery:discover_packages(colcon_meta) discover
[0.322s] Level 1:colcon.colcon_core.package_discovery:discover_packages(recursive) discover
[0.322s] INFO:colcon.colcon_core.package_discovery:Crawling recursively for packages in '/home/huzy/rov_moveit2_ws'
[0.322s] Level 1:colcon.colcon_core.package_identification:_identify(.) by extensions ['ignore', 'ignore_ament_install']
[0.322s] Level 1:colcon.colcon_core.package_identification:_identify(.) by extension 'ignore'
[0.322s] Level 1:colcon.colcon_core.package_identification:_identify(.) by extension 'ignore_ament_install'
[0.322s] Level 1:colcon.colcon_core.package_identification:_identify(.) by extensions ['colcon_pkg']
[0.322s] Level 1:colcon.colcon_core.package_identification:_identify(.) by extension 'colcon_pkg'
[0.322s] Level 1:colcon.colcon_core.package_identification:_identify(.) by extensions ['colcon_meta']
[0.322s] Level 1:colcon.colcon_core.package_identification:_identify(.) by extension 'colcon_meta'
[0.322s] Level 1:colcon.colcon_core.package_identification:_identify(.) by extensions ['ros']
[0.322s] Level 1:colcon.colcon_core.package_identification:_identify(.) by extension 'ros'
[0.341s] Level 1:colcon.colcon_core.package_identification:_identify(.) by extensions ['cmake', 'python']
[0.341s] Level 1:colcon.colcon_core.package_identification:_identify(.) by extension 'cmake'
[0.341s] Level 1:colcon.colcon_core.package_identification:_identify(.) by extension 'python'
[0.341s] Level 1:colcon.colcon_core.package_identification:_identify(.) by extensions ['python_setup_py']
[0.341s] Level 1:colcon.colcon_core.package_identification:_identify(.) by extension 'python_setup_py'
[0.341s] Level 1:colcon.colcon_core.package_identification:_identify(build) by extensions ['ignore', 'ignore_ament_install']
[0.341s] Level 1:colcon.colcon_core.package_identification:_identify(build) by extension 'ignore'
[0.341s] Level 1:colcon.colcon_core.package_identification:_identify(build) ignored
[0.342s] Level 1:colcon.colcon_core.package_identification:_identify(install) by extensions ['ignore', 'ignore_ament_install']
[0.342s] Level 1:colcon.colcon_core.package_identification:_identify(install) by extension 'ignore'
[0.342s] Level 1:colcon.colcon_core.package_identification:_identify(install) ignored
[0.342s] Level 1:colcon.colcon_core.package_identification:_identify(log) by extensions ['ignore', 'ignore_ament_install']
[0.342s] Level 1:colcon.colcon_core.package_identification:_identify(log) by extension 'ignore'
[0.342s] Level 1:colcon.colcon_core.package_identification:_identify(log) ignored
[0.342s] Level 1:colcon.colcon_core.package_identification:_identify(src) by extensions ['ignore', 'ignore_ament_install']
[0.342s] Level 1:colcon.colcon_core.package_identification:_identify(src) by extension 'ignore'
[0.342s] Level 1:colcon.colcon_core.package_identification:_identify(src) by extension 'ignore_ament_install'
[0.342s] Level 1:colcon.colcon_core.package_identification:_identify(src) by extensions ['colcon_pkg']
[0.342s] Level 1:colcon.colcon_core.package_identification:_identify(src) by extension 'colcon_pkg'
[0.342s] Level 1:colcon.colcon_core.package_identification:_identify(src) by extensions ['colcon_meta']
[0.342s] Level 1:colcon.colcon_core.package_identification:_identify(src) by extension 'colcon_meta'
[0.342s] Level 1:colcon.colcon_core.package_identification:_identify(src) by extensions ['ros']
[0.342s] Level 1:colcon.colcon_core.package_identification:_identify(src) by extension 'ros'
[0.343s] Level 1:colcon.colcon_core.package_identification:_identify(src) by extensions ['cmake', 'python']
[0.343s] Level 1:colcon.colcon_core.package_identification:_identify(src) by extension 'cmake'
[0.343s] Level 1:colcon.colcon_core.package_identification:_identify(src) by extension 'python'
[0.343s] Level 1:colcon.colcon_core.package_identification:_identify(src) by extensions ['python_setup_py']
[0.343s] Level 1:colcon.colcon_core.package_identification:_identify(src) by extension 'python_setup_py'
[0.343s] Level 1:colcon.colcon_core.package_identification:_identify(src/rov_description) by extensions ['ignore', 'ignore_ament_install']
[0.343s] Level 1:colcon.colcon_core.package_identification:_identify(src/rov_description) by extension 'ignore'
[0.343s] Level 1:colcon.colcon_core.package_identification:_identify(src/rov_description) by extension 'ignore_ament_install'
[0.343s] Level 1:colcon.colcon_core.package_identification:_identify(src/rov_description) by extensions ['colcon_pkg']
[0.343s] Level 1:colcon.colcon_core.package_identification:_identify(src/rov_description) by extension 'colcon_pkg'
[0.343s] Level 1:colcon.colcon_core.package_identification:_identify(src/rov_description) by extensions ['colcon_meta']
[0.343s] Level 1:colcon.colcon_core.package_identification:_identify(src/rov_description) by extension 'colcon_meta'
[0.343s] Level 1:colcon.colcon_core.package_identification:_identify(src/rov_description) by extensions ['ros']
[0.343s] Level 1:colcon.colcon_core.package_identification:_identify(src/rov_description) by extension 'ros'
[0.346s] DEBUG:colcon.colcon_core.package_identification:Package 'src/rov_description' with type 'ros.ament_python' and name 'rov_description'
[0.346s] Level 1:colcon.colcon_core.package_identification:_identify(src/rov_moveit_config) by extensions ['ignore', 'ignore_ament_install']
[0.346s] Level 1:colcon.colcon_core.package_identification:_identify(src/rov_moveit_config) by extension 'ignore'
[0.346s] Level 1:colcon.colcon_core.package_identification:_identify(src/rov_moveit_config) by extension 'ignore_ament_install'
[0.346s] Level 1:colcon.colcon_core.package_identification:_identify(src/rov_moveit_config) by extensions ['colcon_pkg']
[0.346s] Level 1:colcon.colcon_core.package_identification:_identify(src/rov_moveit_config) by extension 'colcon_pkg'
[0.346s] Level 1:colcon.colcon_core.package_identification:_identify(src/rov_moveit_config) by extensions ['colcon_meta']
[0.346s] Level 1:colcon.colcon_core.package_identification:_identify(src/rov_moveit_config) by extension 'colcon_meta'
[0.346s] Level 1:colcon.colcon_core.package_identification:_identify(src/rov_moveit_config) by extensions ['ros']
[0.347s] Level 1:colcon.colcon_core.package_identification:_identify(src/rov_moveit_config) by extension 'ros'
[0.347s] DEBUG:colcon.colcon_core.package_identification:Package 'src/rov_moveit_config' with type 'ros.ament_cmake' and name 'rov_moveit_config'
[0.347s] Level 1:colcon.colcon_core.package_discovery:discover_packages(recursive) using defaults
[0.347s] Level 1:colcon.colcon_core.package_discovery:discover_packages(ignore) discover
[0.347s] Level 1:colcon.colcon_core.package_discovery:discover_packages(ignore) using defaults
[0.347s] Level 1:colcon.colcon_core.package_discovery:discover_packages(path) discover
[0.347s] Level 1:colcon.colcon_core.package_discovery:discover_packages(path) using defaults
[0.383s] Level 1:colcon.colcon_core.package_discovery:discover_packages(prefix_path) check parameters
[0.383s] Level 1:colcon.colcon_core.package_discovery:discover_packages(prefix_path) discover
[0.394s] DEBUG:colcon.colcon_installed_package_information.package_discovery:Found 57 installed packages in /home/huzy/ws_moveit2/install
[0.398s] DEBUG:colcon.colcon_installed_package_information.package_discovery:Found 366 installed packages in /opt/ros/humble
[0.403s] Level 1:colcon.colcon_core.package_discovery:discover_packages(prefix_path) using defaults
[0.472s] Level 5:colcon.colcon_core.verb:set package 'rov_description' build argument 'cmake_args' from command line to 'None'
[0.472s] Level 5:colcon.colcon_core.verb:set package 'rov_description' build argument 'cmake_target' from command line to 'None'
[0.473s] Level 5:colcon.colcon_core.verb:set package 'rov_description' build argument 'cmake_target_skip_unavailable' from command line to 'False'
[0.473s] Level 5:colcon.colcon_core.verb:set package 'rov_description' build argument 'cmake_clean_cache' from command line to 'False'
[0.473s] Level 5:colcon.colcon_core.verb:set package 'rov_description' build argument 'cmake_clean_first' from command line to 'False'
[0.473s] Level 5:colcon.colcon_core.verb:set package 'rov_description' build argument 'cmake_force_configure' from command line to 'False'
[0.473s] Level 5:colcon.colcon_core.verb:set package 'rov_description' build argument 'ament_cmake_args' from command line to 'None'
[0.473s] Level 5:colcon.colcon_core.verb:set package 'rov_description' build argument 'catkin_cmake_args' from command line to 'None'
[0.473s] Level 5:colcon.colcon_core.verb:set package 'rov_description' build argument 'catkin_skip_building_tests' from command line to 'False'
[0.473s] DEBUG:colcon.colcon_core.verb:Building package 'rov_description' with the following arguments: {'ament_cmake_args': None, 'build_base': '/home/huzy/rov_moveit2_ws/build/rov_description', 'catkin_cmake_args': None, 'catkin_skip_building_tests': False, 'cmake_args': None, 'cmake_clean_cache': False, 'cmake_clean_first': False, 'cmake_force_configure': False, 'cmake_target': None, 'cmake_target_skip_unavailable': False, 'install_base': '/home/huzy/rov_moveit2_ws/install/rov_description', 'merge_install': False, 'path': '/home/huzy/rov_moveit2_ws/src/rov_description', 'symlink_install': False, 'test_result_base': None}
[0.473s] Level 5:colcon.colcon_core.verb:set package 'rov_moveit_config' build argument 'cmake_args' from command line to 'None'
[0.473s] Level 5:colcon.colcon_core.verb:set package 'rov_moveit_config' build argument 'cmake_target' from command line to 'None'
[0.473s] Level 5:colcon.colcon_core.verb:set package 'rov_moveit_config' build argument 'cmake_target_skip_unavailable' from command line to 'False'
[0.473s] Level 5:colcon.colcon_core.verb:set package 'rov_moveit_config' build argument 'cmake_clean_cache' from command line to 'False'
[0.473s] Level 5:colcon.colcon_core.verb:set package 'rov_moveit_config' build argument 'cmake_clean_first' from command line to 'False'
[0.473s] Level 5:colcon.colcon_core.verb:set package 'rov_moveit_config' build argument 'cmake_force_configure' from command line to 'False'
[0.473s] Level 5:colcon.colcon_core.verb:set package 'rov_moveit_config' build argument 'ament_cmake_args' from command line to 'None'
[0.473s] Level 5:colcon.colcon_core.verb:set package 'rov_moveit_config' build argument 'catkin_cmake_args' from command line to 'None'
[0.473s] Level 5:colcon.colcon_core.verb:set package 'rov_moveit_config' build argument 'catkin_skip_building_tests' from command line to 'False'
[0.473s] DEBUG:colcon.colcon_core.verb:Building package 'rov_moveit_config' with the following arguments: {'ament_cmake_args': None, 'build_base': '/home/huzy/rov_moveit2_ws/build/rov_moveit_config', 'catkin_cmake_args': None, 'catkin_skip_building_tests': False, 'cmake_args': None, 'cmake_clean_cache': False, 'cmake_clean_first': False, 'cmake_force_configure': False, 'cmake_target': None, 'cmake_target_skip_unavailable': False, 'install_base': '/home/huzy/rov_moveit2_ws/install/rov_moveit_config', 'merge_install': False, 'path': '/home/huzy/rov_moveit2_ws/src/rov_moveit_config', 'symlink_install': False, 'test_result_base': None}
[0.473s] INFO:colcon.colcon_core.executor:Executing jobs using 'parallel' executor
[0.475s] DEBUG:colcon.colcon_parallel_executor.executor.parallel:run_until_complete
[0.475s] INFO:colcon.colcon_ros.task.ament_python.build:Building ROS package in '/home/huzy/rov_moveit2_ws/src/rov_description' with build type 'ament_python'
[0.475s] Level 1:colcon.colcon_core.shell:create_environment_hook('rov_description', 'ament_prefix_path')
[0.478s] INFO:colcon.colcon_core.plugin_system:Skipping extension 'colcon_core.shell.bat': Not used on non-Windows systems
[0.478s] INFO:colcon.colcon_core.shell:Creating environment hook '/home/huzy/rov_moveit2_ws/install/rov_description/share/rov_description/hook/ament_prefix_path.ps1'
[0.479s] INFO:colcon.colcon_core.shell:Creating environment descriptor '/home/huzy/rov_moveit2_ws/install/rov_description/share/rov_description/hook/ament_prefix_path.dsv'
[0.480s] INFO:colcon.colcon_core.shell:Creating environment hook '/home/huzy/rov_moveit2_ws/install/rov_description/share/rov_description/hook/ament_prefix_path.sh'
[0.481s] INFO:colcon.colcon_core.shell:Skip shell extension 'powershell' for command environment: Not usable outside of PowerShell
[0.481s] DEBUG:colcon.colcon_core.shell:Skip shell extension 'dsv' for command environment
[0.811s] INFO:colcon.colcon_core.task.python.build:Building Python package in '/home/huzy/rov_moveit2_ws/src/rov_description'
[0.812s] INFO:colcon.colcon_core.shell:Skip shell extension 'powershell' for command environment: Not usable outside of PowerShell
[0.812s] DEBUG:colcon.colcon_core.shell:Skip shell extension 'dsv' for command environment
[1.679s] DEBUG:colcon.colcon_core.event_handler.log_command:Invoking command in '/home/huzy/rov_moveit2_ws/src/rov_description': PYTHONPATH=/home/huzy/rov_moveit2_ws/build/rov_description/prefix_override:/usr/lib/python3/dist-packages/colcon_core/task/python/colcon_distutils_commands:/home/huzy/rov_moveit2_ws/install/rov_description/lib/python3.10/site-packages:${PYTHONPATH} /usr/bin/python3 -W ignore:setup.py install is deprecated -W ignore:easy_install command is deprecated setup.py egg_info --egg-base ../../build/rov_description build --build-base /home/huzy/rov_moveit2_ws/build/rov_description/build install --record /home/huzy/rov_moveit2_ws/build/rov_description/install.log --single-version-externally-managed install_data
[2.079s] DEBUG:colcon.colcon_core.event_handler.log_command:Invoked command in '/home/huzy/rov_moveit2_ws/src/rov_description' returned '0': PYTHONPATH=/home/huzy/rov_moveit2_ws/build/rov_description/prefix_override:/usr/lib/python3/dist-packages/colcon_core/task/python/colcon_distutils_commands:/home/huzy/rov_moveit2_ws/install/rov_description/lib/python3.10/site-packages:${PYTHONPATH} /usr/bin/python3 -W ignore:setup.py install is deprecated -W ignore:easy_install command is deprecated setup.py egg_info --egg-base ../../build/rov_description build --build-base /home/huzy/rov_moveit2_ws/build/rov_description/build install --record /home/huzy/rov_moveit2_ws/build/rov_description/install.log --single-version-externally-managed install_data
[2.081s] Level 1:colcon.colcon_core.environment:checking '/home/huzy/rov_moveit2_ws/install/rov_description' for CMake module files
[2.082s] Level 1:colcon.colcon_core.environment:checking '/home/huzy/rov_moveit2_ws/install/rov_description' for CMake config files
[2.085s] Level 1:colcon.colcon_core.environment:checking '/home/huzy/rov_moveit2_ws/install/rov_description/lib'
[2.085s] Level 1:colcon.colcon_core.environment:checking '/home/huzy/rov_moveit2_ws/install/rov_description/bin'
[2.085s] Level 1:colcon.colcon_core.environment:checking '/home/huzy/rov_moveit2_ws/install/rov_description/lib/pkgconfig/rov_description.pc'
[2.085s] Level 1:colcon.colcon_core.environment:checking '/home/huzy/rov_moveit2_ws/install/rov_description/lib/python3.10/site-packages'
[2.085s] Level 1:colcon.colcon_core.shell:create_environment_hook('rov_description', 'pythonpath')
[2.085s] INFO:colcon.colcon_core.shell:Creating environment hook '/home/huzy/rov_moveit2_ws/install/rov_description/share/rov_description/hook/pythonpath.ps1'
[2.086s] INFO:colcon.colcon_core.shell:Creating environment descriptor '/home/huzy/rov_moveit2_ws/install/rov_description/share/rov_description/hook/pythonpath.dsv'
[2.086s] INFO:colcon.colcon_core.shell:Creating environment hook '/home/huzy/rov_moveit2_ws/install/rov_description/share/rov_description/hook/pythonpath.sh'
[2.087s] Level 1:colcon.colcon_core.environment:checking '/home/huzy/rov_moveit2_ws/install/rov_description/bin'
[2.087s] Level 1:colcon.colcon_core.environment:create_environment_scripts_only(rov_description)
[2.087s] INFO:colcon.colcon_core.shell:Creating package script '/home/huzy/rov_moveit2_ws/install/rov_description/share/rov_description/package.ps1'
[2.088s] INFO:colcon.colcon_core.shell:Creating package descriptor '/home/huzy/rov_moveit2_ws/install/rov_description/share/rov_description/package.dsv'
[2.089s] INFO:colcon.colcon_core.shell:Creating package script '/home/huzy/rov_moveit2_ws/install/rov_description/share/rov_description/package.sh'
[2.089s] INFO:colcon.colcon_core.shell:Creating package script '/home/huzy/rov_moveit2_ws/install/rov_description/share/rov_description/package.bash'
[2.090s] INFO:colcon.colcon_core.shell:Creating package script '/home/huzy/rov_moveit2_ws/install/rov_description/share/rov_description/package.zsh'
[2.091s] Level 1:colcon.colcon_core.environment:create_file_with_runtime_dependencies(/home/huzy/rov_moveit2_ws/install/rov_description/share/colcon-core/packages/rov_description)
[2.091s] INFO:colcon.colcon_ros.task.ament_cmake.build:Building ROS package in '/home/huzy/rov_moveit2_ws/src/rov_moveit_config' with build type 'ament_cmake'
[2.091s] INFO:colcon.colcon_cmake.task.cmake.build:Building CMake package in '/home/huzy/rov_moveit2_ws/src/rov_moveit_config'
[2.091s] INFO:colcon.colcon_core.shell:Skip shell extension 'powershell' for command environment: Not usable outside of PowerShell
[2.091s] DEBUG:colcon.colcon_core.shell:Skip shell extension 'dsv' for command environment
[2.128s] DEBUG:colcon.colcon_core.event_handler.log_command:Invoking command in '/home/huzy/rov_moveit2_ws/build/rov_moveit_config': AMENT_PREFIX_PATH=/home/huzy/rov_moveit2_ws/install/rov_description:${AMENT_PREFIX_PATH} CMAKE_PREFIX_PATH=${CMAKE_PREFIX_PATH}:/home/huzy/ws_moveit2/install/moveit_configs_utils:/home/huzy/ws_moveit2/install/launch_param_builder:/opt/ros/humble PYTHONPATH=/home/huzy/rov_moveit2_ws/install/rov_description/lib/python3.10/site-packages:${PYTHONPATH} /usr/bin/cmake --build /home/huzy/rov_moveit2_ws/build/rov_moveit_config -- -j8 -l8
[2.253s] DEBUG:colcon.colcon_core.event_handler.log_command:Invoked command in '/home/huzy/rov_moveit2_ws/build/rov_moveit_config' returned '0': AMENT_PREFIX_PATH=/home/huzy/rov_moveit2_ws/install/rov_description:${AMENT_PREFIX_PATH} CMAKE_PREFIX_PATH=${CMAKE_PREFIX_PATH}:/home/huzy/ws_moveit2/install/moveit_configs_utils:/home/huzy/ws_moveit2/install/launch_param_builder:/opt/ros/humble PYTHONPATH=/home/huzy/rov_moveit2_ws/install/rov_description/lib/python3.10/site-packages:${PYTHONPATH} /usr/bin/cmake --build /home/huzy/rov_moveit2_ws/build/rov_moveit_config -- -j8 -l8
[2.282s] DEBUG:colcon.colcon_core.event_handler.log_command:Invoking command in '/home/huzy/rov_moveit2_ws/build/rov_moveit_config': AMENT_PREFIX_PATH=/home/huzy/rov_moveit2_ws/install/rov_description:${AMENT_PREFIX_PATH} CMAKE_PREFIX_PATH=${CMAKE_PREFIX_PATH}:/home/huzy/ws_moveit2/install/moveit_configs_utils:/home/huzy/ws_moveit2/install/launch_param_builder:/opt/ros/humble PYTHONPATH=/home/huzy/rov_moveit2_ws/install/rov_description/lib/python3.10/site-packages:${PYTHONPATH} /usr/bin/cmake --install /home/huzy/rov_moveit2_ws/build/rov_moveit_config
[2.314s] Level 1:colcon.colcon_core.environment:create_environment_scripts_only(rov_moveit_config)
[2.315s] Level 1:colcon.colcon_core.environment:checking '/home/huzy/rov_moveit2_ws/install/rov_moveit_config' for CMake module files
[2.315s] DEBUG:colcon.colcon_core.event_handler.log_command:Invoked command in '/home/huzy/rov_moveit2_ws/build/rov_moveit_config' returned '0': AMENT_PREFIX_PATH=/home/huzy/rov_moveit2_ws/install/rov_description:${AMENT_PREFIX_PATH} CMAKE_PREFIX_PATH=${CMAKE_PREFIX_PATH}:/home/huzy/ws_moveit2/install/moveit_configs_utils:/home/huzy/ws_moveit2/install/launch_param_builder:/opt/ros/humble PYTHONPATH=/home/huzy/rov_moveit2_ws/install/rov_description/lib/python3.10/site-packages:${PYTHONPATH} /usr/bin/cmake --install /home/huzy/rov_moveit2_ws/build/rov_moveit_config
[2.316s] Level 1:colcon.colcon_core.environment:checking '/home/huzy/rov_moveit2_ws/install/rov_moveit_config' for CMake config files
[2.316s] Level 1:colcon.colcon_core.shell:create_environment_hook('rov_moveit_config', 'cmake_prefix_path')
[2.316s] INFO:colcon.colcon_core.shell:Creating environment hook '/home/huzy/rov_moveit2_ws/install/rov_moveit_config/share/rov_moveit_config/hook/cmake_prefix_path.ps1'
[2.317s] INFO:colcon.colcon_core.shell:Creating environment descriptor '/home/huzy/rov_moveit2_ws/install/rov_moveit_config/share/rov_moveit_config/hook/cmake_prefix_path.dsv'
[2.318s] INFO:colcon.colcon_core.shell:Creating environment hook '/home/huzy/rov_moveit2_ws/install/rov_moveit_config/share/rov_moveit_config/hook/cmake_prefix_path.sh'
[2.318s] Level 1:colcon.colcon_core.environment:checking '/home/huzy/rov_moveit2_ws/install/rov_moveit_config/bin'
[2.318s] Level 1:colcon.colcon_core.environment:checking '/home/huzy/rov_moveit2_ws/install/rov_moveit_config/lib/pkgconfig/rov_moveit_config.pc'
[2.319s] Level 1:colcon.colcon_core.environment:checking '/home/huzy/rov_moveit2_ws/install/rov_moveit_config/lib/python3.10/site-packages'
[2.319s] Level 1:colcon.colcon_core.environment:checking '/home/huzy/rov_moveit2_ws/install/rov_moveit_config/bin'
[2.319s] INFO:colcon.colcon_core.shell:Creating package script '/home/huzy/rov_moveit2_ws/install/rov_moveit_config/share/rov_moveit_config/package.ps1'
[2.320s] INFO:colcon.colcon_core.shell:Creating package descriptor '/home/huzy/rov_moveit2_ws/install/rov_moveit_config/share/rov_moveit_config/package.dsv'
[2.320s] INFO:colcon.colcon_core.shell:Creating package script '/home/huzy/rov_moveit2_ws/install/rov_moveit_config/share/rov_moveit_config/package.sh'
[2.320s] INFO:colcon.colcon_core.shell:Creating package script '/home/huzy/rov_moveit2_ws/install/rov_moveit_config/share/rov_moveit_config/package.bash'
[2.321s] INFO:colcon.colcon_core.shell:Creating package script '/home/huzy/rov_moveit2_ws/install/rov_moveit_config/share/rov_moveit_config/package.zsh'
[2.321s] Level 1:colcon.colcon_core.environment:create_file_with_runtime_dependencies(/home/huzy/rov_moveit2_ws/install/rov_moveit_config/share/colcon-core/packages/rov_moveit_config)
[2.322s] Level 1:colcon.colcon_core.environment:create_environment_scripts_only(rov_moveit_config)
[2.322s] Level 1:colcon.colcon_core.environment:checking '/home/huzy/rov_moveit2_ws/install/rov_moveit_config' for CMake module files
[2.323s] Level 1:colcon.colcon_core.environment:checking '/home/huzy/rov_moveit2_ws/install/rov_moveit_config' for CMake config files
[2.323s] Level 1:colcon.colcon_core.shell:create_environment_hook('rov_moveit_config', 'cmake_prefix_path')
[2.323s] INFO:colcon.colcon_core.shell:Creating environment hook '/home/huzy/rov_moveit2_ws/install/rov_moveit_config/share/rov_moveit_config/hook/cmake_prefix_path.ps1'
[2.324s] INFO:colcon.colcon_core.shell:Creating environment descriptor '/home/huzy/rov_moveit2_ws/install/rov_moveit_config/share/rov_moveit_config/hook/cmake_prefix_path.dsv'
[2.325s] INFO:colcon.colcon_core.shell:Creating environment hook '/home/huzy/rov_moveit2_ws/install/rov_moveit_config/share/rov_moveit_config/hook/cmake_prefix_path.sh'
[2.325s] Level 1:colcon.colcon_core.environment:checking '/home/huzy/rov_moveit2_ws/install/rov_moveit_config/bin'
[2.325s] Level 1:colcon.colcon_core.environment:checking '/home/huzy/rov_moveit2_ws/install/rov_moveit_config/lib/pkgconfig/rov_moveit_config.pc'
[2.325s] Level 1:colcon.colcon_core.environment:checking '/home/huzy/rov_moveit2_ws/install/rov_moveit_config/lib/python3.10/site-packages'
[2.326s] Level 1:colcon.colcon_core.environment:checking '/home/huzy/rov_moveit2_ws/install/rov_moveit_config/bin'
[2.326s] INFO:colcon.colcon_core.shell:Creating package script '/home/huzy/rov_moveit2_ws/install/rov_moveit_config/share/rov_moveit_config/package.ps1'
[2.326s] INFO:colcon.colcon_core.shell:Creating package descriptor '/home/huzy/rov_moveit2_ws/install/rov_moveit_config/share/rov_moveit_config/package.dsv'
[2.327s] INFO:colcon.colcon_core.shell:Creating package script '/home/huzy/rov_moveit2_ws/install/rov_moveit_config/share/rov_moveit_config/package.sh'
[2.327s] INFO:colcon.colcon_core.shell:Creating package script '/home/huzy/rov_moveit2_ws/install/rov_moveit_config/share/rov_moveit_config/package.bash'
[2.328s] INFO:colcon.colcon_core.shell:Creating package script '/home/huzy/rov_moveit2_ws/install/rov_moveit_config/share/rov_moveit_config/package.zsh'
[2.328s] Level 1:colcon.colcon_core.environment:create_file_with_runtime_dependencies(/home/huzy/rov_moveit2_ws/install/rov_moveit_config/share/colcon-core/packages/rov_moveit_config)
[2.329s] DEBUG:colcon.colcon_parallel_executor.executor.parallel:closing loop
[2.329s] DEBUG:colcon.colcon_parallel_executor.executor.parallel:loop closed
[2.329s] DEBUG:colcon.colcon_parallel_executor.executor.parallel:run_until_complete finished with '0'
[2.329s] DEBUG:colcon.colcon_core.event_reactor:joining thread
[2.338s] INFO:colcon.colcon_core.plugin_system:Skipping extension 'colcon_notification.desktop_notification.terminal_notifier': Not used on non-Darwin systems
[2.339s] INFO:colcon.colcon_core.plugin_system:Skipping extension 'colcon_notification.desktop_notification.win32': Not used on non-Windows systems
[2.339s] INFO:colcon.colcon_notification.desktop_notification:Sending desktop notification using 'notify2'
[2.355s] DEBUG:colcon.colcon_core.event_reactor:joined thread
[2.355s] INFO:colcon.colcon_core.shell:Creating prefix script '/home/huzy/rov_moveit2_ws/install/local_setup.ps1'
[2.356s] INFO:colcon.colcon_core.shell:Creating prefix util module '/home/huzy/rov_moveit2_ws/install/_local_setup_util_ps1.py'
[2.357s] INFO:colcon.colcon_core.shell:Creating prefix chain script '/home/huzy/rov_moveit2_ws/install/setup.ps1'
[2.365s] INFO:colcon.colcon_core.shell:Creating prefix script '/home/huzy/rov_moveit2_ws/install/local_setup.sh'
[2.366s] INFO:colcon.colcon_core.shell:Creating prefix util module '/home/huzy/rov_moveit2_ws/install/_local_setup_util_sh.py'
[2.367s] INFO:colcon.colcon_core.shell:Creating prefix chain script '/home/huzy/rov_moveit2_ws/install/setup.sh'
[2.374s] INFO:colcon.colcon_core.shell:Creating prefix script '/home/huzy/rov_moveit2_ws/install/local_setup.bash'
[2.376s] INFO:colcon.colcon_core.shell:Creating prefix chain script '/home/huzy/rov_moveit2_ws/install/setup.bash'
[2.383s] INFO:colcon.colcon_core.shell:Creating prefix script '/home/huzy/rov_moveit2_ws/install/local_setup.zsh'
[2.384s] INFO:colcon.colcon_core.shell:Creating prefix chain script '/home/huzy/rov_moveit2_ws/install/setup.zsh'
