[0.133s] DEBUG:colcon:Command line arguments: ['/usr/bin/colcon', 'build']
[0.133s] DEBUG:colcon:Parsed command line arguments: Namespace(log_base=None, log_level=None, verb_name='build', build_base='build', install_base='install', merge_install=False, symlink_install=False, test_result_base=None, continue_on_error=False, executor='parallel', parallel_workers=8, event_handlers=None, ignore_user_meta=False, metas=['./colcon.meta'], base_paths=['.'], packages_ignore=None, packages_ignore_regex=None, paths=None, packages_up_to=None, packages_up_to_regex=None, packages_above=None, packages_above_and_dependencies=None, packages_above_depth=None, packages_select_by_dep=None, packages_skip_by_dep=None, packages_skip_up_to=None, packages_select_build_failed=False, packages_skip_build_finished=False, packages_select_test_failures=False, packages_skip_test_passed=False, packages_select=None, packages_skip=None, packages_select_regex=None, packages_skip_regex=None, packages_start=None, packages_end=None, allow_overriding=[], cmake_args=None, cmake_target=None, cmake_target_skip_unavailable=False, cmake_clean_cache=False, cmake_clean_first=False, cmake_force_configure=False, ament_cmake_args=None, catkin_cmake_args=None, catkin_skip_building_tests=False, mixin_files=None, mixin=None, verb_parser=<colcon_mixin.mixin.mixin_argument.MixinArgumentDecorator object at 0x7a2bd9b53580>, verb_extension=<colcon_core.verb.build.BuildVerb object at 0x7a2bd9b53010>, main=<bound method BuildVerb.main of <colcon_core.verb.build.BuildVerb object at 0x7a2bd9b53010>>, mixin_verb=('build',))
[0.321s] Level 1:colcon.colcon_core.package_discovery:discover_packages(colcon_meta) check parameters
[0.321s] Level 1:colcon.colcon_core.package_discovery:discover_packages(recursive) check parameters
[0.321s] Level 1:colcon.colcon_core.package_discovery:discover_packages(ignore) check parameters
[0.321s] Level 1:colcon.colcon_core.package_discovery:discover_packages(path) check parameters
[0.321s] Level 1:colcon.colcon_core.package_discovery:discover_packages(colcon_meta) discover
[0.321s] Level 1:colcon.colcon_core.package_discovery:discover_packages(recursive) discover
[0.321s] INFO:colcon.colcon_core.package_discovery:Crawling recursively for packages in '/home/huzy/rov_moveit2_ws/src/rov_description'
[0.321s] Level 1:colcon.colcon_core.package_identification:_identify(.) by extensions ['ignore', 'ignore_ament_install']
[0.322s] Level 1:colcon.colcon_core.package_identification:_identify(.) by extension 'ignore'
[0.322s] Level 1:colcon.colcon_core.package_identification:_identify(.) by extension 'ignore_ament_install'
[0.322s] Level 1:colcon.colcon_core.package_identification:_identify(.) by extensions ['colcon_pkg']
[0.322s] Level 1:colcon.colcon_core.package_identification:_identify(.) by extension 'colcon_pkg'
[0.322s] Level 1:colcon.colcon_core.package_identification:_identify(.) by extensions ['colcon_meta']
[0.322s] Level 1:colcon.colcon_core.package_identification:_identify(.) by extension 'colcon_meta'
[0.322s] Level 1:colcon.colcon_core.package_identification:_identify(.) by extensions ['ros']
[0.322s] Level 1:colcon.colcon_core.package_identification:_identify(.) by extension 'ros'
[0.335s] DEBUG:colcon.colcon_core.package_identification:Package '.' with type 'ros.ament_python' and name 'rov_description'
[0.335s] Level 1:colcon.colcon_core.package_discovery:discover_packages(recursive) using defaults
[0.335s] Level 1:colcon.colcon_core.package_discovery:discover_packages(ignore) discover
[0.335s] Level 1:colcon.colcon_core.package_discovery:discover_packages(ignore) using defaults
[0.335s] Level 1:colcon.colcon_core.package_discovery:discover_packages(path) discover
[0.335s] Level 1:colcon.colcon_core.package_discovery:discover_packages(path) using defaults
[0.364s] Level 1:colcon.colcon_core.package_discovery:discover_packages(prefix_path) check parameters
[0.364s] Level 1:colcon.colcon_core.package_discovery:discover_packages(prefix_path) discover
[0.365s] WARNING:colcon.colcon_core.prefix_path.colcon:The path '/home/huzy/rov_moveit2_ws/src/install' in the environment variable COLCON_PREFIX_PATH doesn't exist
[0.366s] WARNING:colcon.colcon_core.prefix_path.colcon:The path '/home/huzy/rov_moveit2_ws/install' in the environment variable COLCON_PREFIX_PATH doesn't exist
[0.366s] WARNING:colcon.colcon_core.prefix_path.colcon:The path '/home/huzy/rov_robot_ros2/src/install' in the environment variable COLCON_PREFIX_PATH doesn't exist
[0.366s] WARNING:colcon.colcon_core.prefix_path.colcon:The path '/home/huzy/rov_moveit2_ws/src/rov_description/urdf/install' in the environment variable COLCON_PREFIX_PATH doesn't exist
[0.366s] WARNING:colcon.colcon_ros.prefix_path.ament:The path '/home/huzy/rov_moveit2_ws/src/install/rov_description' in the environment variable AMENT_PREFIX_PATH doesn't exist
[0.366s] WARNING:colcon.colcon_ros.prefix_path.ament:The path '/home/huzy/rov_robot_ros2/src/install/rov_movit_config' in the environment variable AMENT_PREFIX_PATH doesn't exist
[0.366s] WARNING:colcon.colcon_ros.prefix_path.ament:The path '/home/huzy/rov_moveit2_ws/install/rov_description' in the environment variable AMENT_PREFIX_PATH doesn't exist
[0.372s] WARNING:colcon.colcon_ros.prefix_path.catkin:The path '/home/huzy/rov_robot_ros2/src/install/rov_movit_config' in the environment variable CMAKE_PREFIX_PATH doesn't exist
[0.374s] DEBUG:colcon.colcon_installed_package_information.package_discovery:Found 1 installed packages in /home/huzy/rov_moveit2_ws/src/rov_description/install
[0.377s] DEBUG:colcon.colcon_installed_package_information.package_discovery:Found 57 installed packages in /home/huzy/ws_moveit2/install
[0.380s] DEBUG:colcon.colcon_installed_package_information.package_discovery:Found 366 installed packages in /opt/ros/humble
[0.384s] Level 1:colcon.colcon_core.package_discovery:discover_packages(prefix_path) using defaults
[0.447s] Level 5:colcon.colcon_core.verb:set package 'rov_description' build argument 'cmake_args' from command line to 'None'
[0.447s] Level 5:colcon.colcon_core.verb:set package 'rov_description' build argument 'cmake_target' from command line to 'None'
[0.447s] Level 5:colcon.colcon_core.verb:set package 'rov_description' build argument 'cmake_target_skip_unavailable' from command line to 'False'
[0.447s] Level 5:colcon.colcon_core.verb:set package 'rov_description' build argument 'cmake_clean_cache' from command line to 'False'
[0.447s] Level 5:colcon.colcon_core.verb:set package 'rov_description' build argument 'cmake_clean_first' from command line to 'False'
[0.447s] Level 5:colcon.colcon_core.verb:set package 'rov_description' build argument 'cmake_force_configure' from command line to 'False'
[0.447s] Level 5:colcon.colcon_core.verb:set package 'rov_description' build argument 'ament_cmake_args' from command line to 'None'
[0.447s] Level 5:colcon.colcon_core.verb:set package 'rov_description' build argument 'catkin_cmake_args' from command line to 'None'
[0.447s] Level 5:colcon.colcon_core.verb:set package 'rov_description' build argument 'catkin_skip_building_tests' from command line to 'False'
[0.447s] DEBUG:colcon.colcon_core.verb:Building package 'rov_description' with the following arguments: {'ament_cmake_args': None, 'build_base': '/home/huzy/rov_moveit2_ws/src/rov_description/build/rov_description', 'catkin_cmake_args': None, 'catkin_skip_building_tests': False, 'cmake_args': None, 'cmake_clean_cache': False, 'cmake_clean_first': False, 'cmake_force_configure': False, 'cmake_target': None, 'cmake_target_skip_unavailable': False, 'install_base': '/home/huzy/rov_moveit2_ws/src/rov_description/install/rov_description', 'merge_install': False, 'path': '/home/huzy/rov_moveit2_ws/src/rov_description', 'symlink_install': False, 'test_result_base': None}
[0.447s] INFO:colcon.colcon_core.executor:Executing jobs using 'parallel' executor
[0.449s] DEBUG:colcon.colcon_parallel_executor.executor.parallel:run_until_complete
[0.449s] INFO:colcon.colcon_ros.task.ament_python.build:Building ROS package in '/home/huzy/rov_moveit2_ws/src/rov_description' with build type 'ament_python'
[0.450s] Level 1:colcon.colcon_core.shell:create_environment_hook('rov_description', 'ament_prefix_path')
[0.453s] INFO:colcon.colcon_core.plugin_system:Skipping extension 'colcon_core.shell.bat': Not used on non-Windows systems
[0.453s] INFO:colcon.colcon_core.shell:Creating environment hook '/home/huzy/rov_moveit2_ws/src/rov_description/install/rov_description/share/rov_description/hook/ament_prefix_path.ps1'
[0.454s] INFO:colcon.colcon_core.shell:Creating environment descriptor '/home/huzy/rov_moveit2_ws/src/rov_description/install/rov_description/share/rov_description/hook/ament_prefix_path.dsv'
[0.454s] INFO:colcon.colcon_core.shell:Creating environment hook '/home/huzy/rov_moveit2_ws/src/rov_description/install/rov_description/share/rov_description/hook/ament_prefix_path.sh'
[0.455s] INFO:colcon.colcon_core.shell:Skip shell extension 'powershell' for command environment: Not usable outside of PowerShell
[0.455s] DEBUG:colcon.colcon_core.shell:Skip shell extension 'dsv' for command environment
[0.782s] INFO:colcon.colcon_core.task.python.build:Building Python package in '/home/huzy/rov_moveit2_ws/src/rov_description'
[0.782s] INFO:colcon.colcon_core.shell:Skip shell extension 'powershell' for command environment: Not usable outside of PowerShell
[0.782s] DEBUG:colcon.colcon_core.shell:Skip shell extension 'dsv' for command environment
[1.243s] DEBUG:colcon.colcon_core.event_handler.log_command:Invoking command in '/home/huzy/rov_moveit2_ws/src/rov_description': PYTHONPATH=/home/huzy/rov_moveit2_ws/src/rov_description/build/rov_description/prefix_override:/usr/lib/python3/dist-packages/colcon_core/task/python/colcon_distutils_commands:/home/huzy/rov_moveit2_ws/src/rov_description/install/rov_description/lib/python3.10/site-packages:${PYTHONPATH} /usr/bin/python3 -W ignore:setup.py install is deprecated -W ignore:easy_install command is deprecated setup.py egg_info --egg-base build/rov_description build --build-base /home/huzy/rov_moveit2_ws/src/rov_description/build/rov_description/build install --record /home/huzy/rov_moveit2_ws/src/rov_description/build/rov_description/install.log --single-version-externally-managed install_data
[1.586s] DEBUG:colcon.colcon_core.event_handler.log_command:Invoked command in '/home/huzy/rov_moveit2_ws/src/rov_description' returned '0': PYTHONPATH=/home/huzy/rov_moveit2_ws/src/rov_description/build/rov_description/prefix_override:/usr/lib/python3/dist-packages/colcon_core/task/python/colcon_distutils_commands:/home/huzy/rov_moveit2_ws/src/rov_description/install/rov_description/lib/python3.10/site-packages:${PYTHONPATH} /usr/bin/python3 -W ignore:setup.py install is deprecated -W ignore:easy_install command is deprecated setup.py egg_info --egg-base build/rov_description build --build-base /home/huzy/rov_moveit2_ws/src/rov_description/build/rov_description/build install --record /home/huzy/rov_moveit2_ws/src/rov_description/build/rov_description/install.log --single-version-externally-managed install_data
[1.589s] Level 1:colcon.colcon_core.environment:checking '/home/huzy/rov_moveit2_ws/src/rov_description/install/rov_description' for CMake module files
[1.589s] Level 1:colcon.colcon_core.environment:checking '/home/huzy/rov_moveit2_ws/src/rov_description/install/rov_description' for CMake config files
[1.591s] Level 1:colcon.colcon_core.environment:checking '/home/huzy/rov_moveit2_ws/src/rov_description/install/rov_description/lib'
[1.591s] Level 1:colcon.colcon_core.environment:checking '/home/huzy/rov_moveit2_ws/src/rov_description/install/rov_description/bin'
[1.591s] Level 1:colcon.colcon_core.environment:checking '/home/huzy/rov_moveit2_ws/src/rov_description/install/rov_description/lib/pkgconfig/rov_description.pc'
[1.591s] Level 1:colcon.colcon_core.environment:checking '/home/huzy/rov_moveit2_ws/src/rov_description/install/rov_description/lib/python3.10/site-packages'
[1.591s] Level 1:colcon.colcon_core.shell:create_environment_hook('rov_description', 'pythonpath')
[1.591s] INFO:colcon.colcon_core.shell:Creating environment hook '/home/huzy/rov_moveit2_ws/src/rov_description/install/rov_description/share/rov_description/hook/pythonpath.ps1'
[1.592s] INFO:colcon.colcon_core.shell:Creating environment descriptor '/home/huzy/rov_moveit2_ws/src/rov_description/install/rov_description/share/rov_description/hook/pythonpath.dsv'
[1.593s] INFO:colcon.colcon_core.shell:Creating environment hook '/home/huzy/rov_moveit2_ws/src/rov_description/install/rov_description/share/rov_description/hook/pythonpath.sh'
[1.594s] Level 1:colcon.colcon_core.environment:checking '/home/huzy/rov_moveit2_ws/src/rov_description/install/rov_description/bin'
[1.594s] Level 1:colcon.colcon_core.environment:create_environment_scripts_only(rov_description)
[1.594s] INFO:colcon.colcon_core.shell:Creating package script '/home/huzy/rov_moveit2_ws/src/rov_description/install/rov_description/share/rov_description/package.ps1'
[1.595s] INFO:colcon.colcon_core.shell:Creating package descriptor '/home/huzy/rov_moveit2_ws/src/rov_description/install/rov_description/share/rov_description/package.dsv'
[1.595s] INFO:colcon.colcon_core.shell:Creating package script '/home/huzy/rov_moveit2_ws/src/rov_description/install/rov_description/share/rov_description/package.sh'
[1.596s] INFO:colcon.colcon_core.shell:Creating package script '/home/huzy/rov_moveit2_ws/src/rov_description/install/rov_description/share/rov_description/package.bash'
[1.597s] INFO:colcon.colcon_core.shell:Creating package script '/home/huzy/rov_moveit2_ws/src/rov_description/install/rov_description/share/rov_description/package.zsh'
[1.597s] Level 1:colcon.colcon_core.environment:create_file_with_runtime_dependencies(/home/huzy/rov_moveit2_ws/src/rov_description/install/rov_description/share/colcon-core/packages/rov_description)
[1.598s] DEBUG:colcon.colcon_parallel_executor.executor.parallel:closing loop
[1.599s] DEBUG:colcon.colcon_parallel_executor.executor.parallel:loop closed
[1.599s] DEBUG:colcon.colcon_parallel_executor.executor.parallel:run_until_complete finished with '0'
[1.599s] DEBUG:colcon.colcon_core.event_reactor:joining thread
[1.608s] INFO:colcon.colcon_core.plugin_system:Skipping extension 'colcon_notification.desktop_notification.terminal_notifier': Not used on non-Darwin systems
[1.608s] INFO:colcon.colcon_core.plugin_system:Skipping extension 'colcon_notification.desktop_notification.win32': Not used on non-Windows systems
[1.608s] INFO:colcon.colcon_notification.desktop_notification:Sending desktop notification using 'notify2'
[1.626s] DEBUG:colcon.colcon_core.event_reactor:joined thread
[1.627s] INFO:colcon.colcon_core.shell:Creating prefix script '/home/huzy/rov_moveit2_ws/src/rov_description/install/local_setup.ps1'
[1.628s] INFO:colcon.colcon_core.shell:Creating prefix util module '/home/huzy/rov_moveit2_ws/src/rov_description/install/_local_setup_util_ps1.py'
[1.629s] INFO:colcon.colcon_core.shell:Creating prefix chain script '/home/huzy/rov_moveit2_ws/src/rov_description/install/setup.ps1'
[1.637s] INFO:colcon.colcon_core.shell:Creating prefix script '/home/huzy/rov_moveit2_ws/src/rov_description/install/local_setup.sh'
[1.638s] INFO:colcon.colcon_core.shell:Creating prefix util module '/home/huzy/rov_moveit2_ws/src/rov_description/install/_local_setup_util_sh.py'
[1.639s] INFO:colcon.colcon_core.shell:Creating prefix chain script '/home/huzy/rov_moveit2_ws/src/rov_description/install/setup.sh'
[1.647s] INFO:colcon.colcon_core.shell:Creating prefix script '/home/huzy/rov_moveit2_ws/src/rov_description/install/local_setup.bash'
[1.648s] INFO:colcon.colcon_core.shell:Creating prefix chain script '/home/huzy/rov_moveit2_ws/src/rov_description/install/setup.bash'
[1.656s] INFO:colcon.colcon_core.shell:Creating prefix script '/home/huzy/rov_moveit2_ws/src/rov_description/install/local_setup.zsh'
[1.657s] INFO:colcon.colcon_core.shell:Creating prefix chain script '/home/huzy/rov_moveit2_ws/src/rov_description/install/setup.zsh'
