[0.135s] DEBUG:colcon:Command line arguments: ['/usr/bin/colcon', 'build']
[0.135s] DEBUG:colcon:Parsed command line arguments: Namespace(log_base=None, log_level=None, verb_name='build', build_base='build', install_base='install', merge_install=False, symlink_install=False, test_result_base=None, continue_on_error=False, executor='parallel', parallel_workers=8, event_handlers=None, ignore_user_meta=False, metas=['./colcon.meta'], base_paths=['.'], packages_ignore=None, packages_ignore_regex=None, paths=None, packages_up_to=None, packages_up_to_regex=None, packages_above=None, packages_above_and_dependencies=None, packages_above_depth=None, packages_select_by_dep=None, packages_skip_by_dep=None, packages_skip_up_to=None, packages_select_build_failed=False, packages_skip_build_finished=False, packages_select_test_failures=False, packages_skip_test_passed=False, packages_select=None, packages_skip=None, packages_select_regex=None, packages_skip_regex=None, packages_start=None, packages_end=None, allow_overriding=[], cmake_args=None, cmake_target=None, cmake_target_skip_unavailable=False, cmake_clean_cache=False, cmake_clean_first=False, cmake_force_configure=False, ament_cmake_args=None, catkin_cmake_args=None, catkin_skip_building_tests=False, mixin_files=None, mixin=None, verb_parser=<colcon_mixin.mixin.mixin_argument.MixinArgumentDecorator object at 0x7e4cc8557400>, verb_extension=<colcon_core.verb.build.BuildVerb object at 0x7e4cc8556e90>, main=<bound method BuildVerb.main of <colcon_core.verb.build.BuildVerb object at 0x7e4cc8556e90>>, mixin_verb=('build',))
[0.325s] Level 1:colcon.colcon_core.package_discovery:discover_packages(colcon_meta) check parameters
[0.326s] Level 1:colcon.colcon_core.package_discovery:discover_packages(recursive) check parameters
[0.326s] Level 1:colcon.colcon_core.package_discovery:discover_packages(ignore) check parameters
[0.326s] Level 1:colcon.colcon_core.package_discovery:discover_packages(path) check parameters
[0.326s] Level 1:colcon.colcon_core.package_discovery:discover_packages(colcon_meta) discover
[0.326s] Level 1:colcon.colcon_core.package_discovery:discover_packages(recursive) discover
[0.326s] INFO:colcon.colcon_core.package_discovery:Crawling recursively for packages in '/home/huzy/rov_moveit2_ws/src/rov_description'
[0.326s] Level 1:colcon.colcon_core.package_identification:_identify(.) by extensions ['ignore', 'ignore_ament_install']
[0.326s] Level 1:colcon.colcon_core.package_identification:_identify(.) by extension 'ignore'
[0.326s] Level 1:colcon.colcon_core.package_identification:_identify(.) by extension 'ignore_ament_install'
[0.326s] Level 1:colcon.colcon_core.package_identification:_identify(.) by extensions ['colcon_pkg']
[0.326s] Level 1:colcon.colcon_core.package_identification:_identify(.) by extension 'colcon_pkg'
[0.326s] Level 1:colcon.colcon_core.package_identification:_identify(.) by extensions ['colcon_meta']
[0.326s] Level 1:colcon.colcon_core.package_identification:_identify(.) by extension 'colcon_meta'
[0.327s] Level 1:colcon.colcon_core.package_identification:_identify(.) by extensions ['ros']
[0.327s] Level 1:colcon.colcon_core.package_identification:_identify(.) by extension 'ros'
[0.340s] DEBUG:colcon.colcon_core.package_identification:Package '.' with type 'ros.ament_python' and name 'rov_description'
[0.340s] Level 1:colcon.colcon_core.package_discovery:discover_packages(recursive) using defaults
[0.340s] Level 1:colcon.colcon_core.package_discovery:discover_packages(ignore) discover
[0.340s] Level 1:colcon.colcon_core.package_discovery:discover_packages(ignore) using defaults
[0.340s] Level 1:colcon.colcon_core.package_discovery:discover_packages(path) discover
[0.340s] Level 1:colcon.colcon_core.package_discovery:discover_packages(path) using defaults
[0.370s] Level 1:colcon.colcon_core.package_discovery:discover_packages(prefix_path) check parameters
[0.371s] Level 1:colcon.colcon_core.package_discovery:discover_packages(prefix_path) discover
[0.372s] WARNING:colcon.colcon_core.prefix_path.colcon:The path '/home/huzy/rov_moveit2_ws/src/install' in the environment variable COLCON_PREFIX_PATH doesn't exist
[0.372s] WARNING:colcon.colcon_core.prefix_path.colcon:The path '/home/huzy/rov_robot_ros2/src/install' in the environment variable COLCON_PREFIX_PATH doesn't exist
[0.372s] WARNING:colcon.colcon_core.prefix_path.colcon:The path '/home/huzy/rov_moveit2_ws/src/rov_description/urdf/install' in the environment variable COLCON_PREFIX_PATH doesn't exist
[0.372s] WARNING:colcon.colcon_ros.prefix_path.ament:The path '/home/huzy/rov_moveit2_ws/src/install/rov_description' in the environment variable AMENT_PREFIX_PATH doesn't exist
[0.372s] WARNING:colcon.colcon_ros.prefix_path.ament:The path '/home/huzy/rov_robot_ros2/src/install/rov_movit_config' in the environment variable AMENT_PREFIX_PATH doesn't exist
[0.379s] WARNING:colcon.colcon_ros.prefix_path.catkin:The path '/home/huzy/rov_robot_ros2/src/install/rov_movit_config' in the environment variable CMAKE_PREFIX_PATH doesn't exist
[0.381s] DEBUG:colcon.colcon_installed_package_information.package_discovery:Found 2 installed packages in /home/huzy/rov_moveit2_ws/install
[0.381s] DEBUG:colcon.colcon_installed_package_information.package_discovery:Found 1 installed packages in /home/huzy/rov_moveit2_ws/src/rov_description/install
[0.384s] DEBUG:colcon.colcon_installed_package_information.package_discovery:Found 57 installed packages in /home/huzy/ws_moveit2/install
[0.388s] DEBUG:colcon.colcon_installed_package_information.package_discovery:Found 366 installed packages in /opt/ros/humble
[0.392s] Level 1:colcon.colcon_core.package_discovery:discover_packages(prefix_path) using defaults
[0.454s] WARNING:colcon.colcon_core.package_selection:Some selected packages are already built in one or more underlay workspaces:
	'rov_description' is in: /home/huzy/rov_moveit2_ws/src/rov_description/install/rov_description, /home/huzy/rov_moveit2_ws/install/rov_description
If a package in a merged underlay workspace is overridden and it installs headers, then all packages in the overlay must sort their include directories by workspace order. Failure to do so may result in build failures or undefined behavior at run time.
If the overridden package is used by another package in any underlay, then the overriding package in the overlay must be API and ABI compatible or undefined behavior at run time may occur.

If you understand the risks and want to override a package anyways, add the following to the command line:
	--allow-overriding rov_description

This may be promoted to an error in a future release of colcon-override-check.
[0.455s] Level 5:colcon.colcon_core.verb:set package 'rov_description' build argument 'cmake_args' from command line to 'None'
[0.455s] Level 5:colcon.colcon_core.verb:set package 'rov_description' build argument 'cmake_target' from command line to 'None'
[0.455s] Level 5:colcon.colcon_core.verb:set package 'rov_description' build argument 'cmake_target_skip_unavailable' from command line to 'False'
[0.455s] Level 5:colcon.colcon_core.verb:set package 'rov_description' build argument 'cmake_clean_cache' from command line to 'False'
[0.456s] Level 5:colcon.colcon_core.verb:set package 'rov_description' build argument 'cmake_clean_first' from command line to 'False'
[0.456s] Level 5:colcon.colcon_core.verb:set package 'rov_description' build argument 'cmake_force_configure' from command line to 'False'
[0.456s] Level 5:colcon.colcon_core.verb:set package 'rov_description' build argument 'ament_cmake_args' from command line to 'None'
[0.456s] Level 5:colcon.colcon_core.verb:set package 'rov_description' build argument 'catkin_cmake_args' from command line to 'None'
[0.456s] Level 5:colcon.colcon_core.verb:set package 'rov_description' build argument 'catkin_skip_building_tests' from command line to 'False'
[0.456s] DEBUG:colcon.colcon_core.verb:Building package 'rov_description' with the following arguments: {'ament_cmake_args': None, 'build_base': '/home/huzy/rov_moveit2_ws/src/rov_description/build/rov_description', 'catkin_cmake_args': None, 'catkin_skip_building_tests': False, 'cmake_args': None, 'cmake_clean_cache': False, 'cmake_clean_first': False, 'cmake_force_configure': False, 'cmake_target': None, 'cmake_target_skip_unavailable': False, 'install_base': '/home/huzy/rov_moveit2_ws/src/rov_description/install/rov_description', 'merge_install': False, 'path': '/home/huzy/rov_moveit2_ws/src/rov_description', 'symlink_install': False, 'test_result_base': None}
[0.456s] INFO:colcon.colcon_core.executor:Executing jobs using 'parallel' executor
[0.457s] DEBUG:colcon.colcon_parallel_executor.executor.parallel:run_until_complete
[0.458s] INFO:colcon.colcon_ros.task.ament_python.build:Building ROS package in '/home/huzy/rov_moveit2_ws/src/rov_description' with build type 'ament_python'
[0.458s] Level 1:colcon.colcon_core.shell:create_environment_hook('rov_description', 'ament_prefix_path')
[0.461s] INFO:colcon.colcon_core.plugin_system:Skipping extension 'colcon_core.shell.bat': Not used on non-Windows systems
[0.461s] INFO:colcon.colcon_core.shell:Creating environment hook '/home/huzy/rov_moveit2_ws/src/rov_description/install/rov_description/share/rov_description/hook/ament_prefix_path.ps1'
[0.462s] INFO:colcon.colcon_core.shell:Creating environment descriptor '/home/huzy/rov_moveit2_ws/src/rov_description/install/rov_description/share/rov_description/hook/ament_prefix_path.dsv'
[0.463s] INFO:colcon.colcon_core.shell:Creating environment hook '/home/huzy/rov_moveit2_ws/src/rov_description/install/rov_description/share/rov_description/hook/ament_prefix_path.sh'
[0.464s] INFO:colcon.colcon_core.shell:Skip shell extension 'powershell' for command environment: Not usable outside of PowerShell
[0.464s] DEBUG:colcon.colcon_core.shell:Skip shell extension 'dsv' for command environment
[0.803s] INFO:colcon.colcon_core.task.python.build:Building Python package in '/home/huzy/rov_moveit2_ws/src/rov_description'
[0.803s] INFO:colcon.colcon_core.shell:Skip shell extension 'powershell' for command environment: Not usable outside of PowerShell
[0.803s] DEBUG:colcon.colcon_core.shell:Skip shell extension 'dsv' for command environment
[1.262s] DEBUG:colcon.colcon_core.event_handler.log_command:Invoking command in '/home/huzy/rov_moveit2_ws/src/rov_description': PYTHONPATH=/home/huzy/rov_moveit2_ws/src/rov_description/build/rov_description/prefix_override:/usr/lib/python3/dist-packages/colcon_core/task/python/colcon_distutils_commands:/home/huzy/rov_moveit2_ws/src/rov_description/install/rov_description/lib/python3.10/site-packages:${PYTHONPATH} /usr/bin/python3 -W ignore:setup.py install is deprecated -W ignore:easy_install command is deprecated setup.py egg_info --egg-base build/rov_description build --build-base /home/huzy/rov_moveit2_ws/src/rov_description/build/rov_description/build install --record /home/huzy/rov_moveit2_ws/src/rov_description/build/rov_description/install.log --single-version-externally-managed install_data
[1.621s] DEBUG:colcon.colcon_core.event_handler.log_command:Invoked command in '/home/huzy/rov_moveit2_ws/src/rov_description' returned '0': PYTHONPATH=/home/huzy/rov_moveit2_ws/src/rov_description/build/rov_description/prefix_override:/usr/lib/python3/dist-packages/colcon_core/task/python/colcon_distutils_commands:/home/huzy/rov_moveit2_ws/src/rov_description/install/rov_description/lib/python3.10/site-packages:${PYTHONPATH} /usr/bin/python3 -W ignore:setup.py install is deprecated -W ignore:easy_install command is deprecated setup.py egg_info --egg-base build/rov_description build --build-base /home/huzy/rov_moveit2_ws/src/rov_description/build/rov_description/build install --record /home/huzy/rov_moveit2_ws/src/rov_description/build/rov_description/install.log --single-version-externally-managed install_data
[1.624s] Level 1:colcon.colcon_core.environment:checking '/home/huzy/rov_moveit2_ws/src/rov_description/install/rov_description' for CMake module files
[1.625s] Level 1:colcon.colcon_core.environment:checking '/home/huzy/rov_moveit2_ws/src/rov_description/install/rov_description' for CMake config files
[1.626s] Level 1:colcon.colcon_core.environment:checking '/home/huzy/rov_moveit2_ws/src/rov_description/install/rov_description/lib'
[1.626s] Level 1:colcon.colcon_core.environment:checking '/home/huzy/rov_moveit2_ws/src/rov_description/install/rov_description/bin'
[1.626s] Level 1:colcon.colcon_core.environment:checking '/home/huzy/rov_moveit2_ws/src/rov_description/install/rov_description/lib/pkgconfig/rov_description.pc'
[1.626s] Level 1:colcon.colcon_core.environment:checking '/home/huzy/rov_moveit2_ws/src/rov_description/install/rov_description/lib/python3.10/site-packages'
[1.626s] Level 1:colcon.colcon_core.shell:create_environment_hook('rov_description', 'pythonpath')
[1.626s] INFO:colcon.colcon_core.shell:Creating environment hook '/home/huzy/rov_moveit2_ws/src/rov_description/install/rov_description/share/rov_description/hook/pythonpath.ps1'
[1.627s] INFO:colcon.colcon_core.shell:Creating environment descriptor '/home/huzy/rov_moveit2_ws/src/rov_description/install/rov_description/share/rov_description/hook/pythonpath.dsv'
[1.628s] INFO:colcon.colcon_core.shell:Creating environment hook '/home/huzy/rov_moveit2_ws/src/rov_description/install/rov_description/share/rov_description/hook/pythonpath.sh'
[1.628s] Level 1:colcon.colcon_core.environment:checking '/home/huzy/rov_moveit2_ws/src/rov_description/install/rov_description/bin'
[1.628s] Level 1:colcon.colcon_core.environment:create_environment_scripts_only(rov_description)
[1.629s] INFO:colcon.colcon_core.shell:Creating package script '/home/huzy/rov_moveit2_ws/src/rov_description/install/rov_description/share/rov_description/package.ps1'
[1.629s] INFO:colcon.colcon_core.shell:Creating package descriptor '/home/huzy/rov_moveit2_ws/src/rov_description/install/rov_description/share/rov_description/package.dsv'
[1.630s] INFO:colcon.colcon_core.shell:Creating package script '/home/huzy/rov_moveit2_ws/src/rov_description/install/rov_description/share/rov_description/package.sh'
[1.631s] INFO:colcon.colcon_core.shell:Creating package script '/home/huzy/rov_moveit2_ws/src/rov_description/install/rov_description/share/rov_description/package.bash'
[1.631s] INFO:colcon.colcon_core.shell:Creating package script '/home/huzy/rov_moveit2_ws/src/rov_description/install/rov_description/share/rov_description/package.zsh'
[1.632s] Level 1:colcon.colcon_core.environment:create_file_with_runtime_dependencies(/home/huzy/rov_moveit2_ws/src/rov_description/install/rov_description/share/colcon-core/packages/rov_description)
[1.633s] DEBUG:colcon.colcon_parallel_executor.executor.parallel:closing loop
[1.633s] DEBUG:colcon.colcon_parallel_executor.executor.parallel:loop closed
[1.633s] DEBUG:colcon.colcon_parallel_executor.executor.parallel:run_until_complete finished with '0'
[1.633s] DEBUG:colcon.colcon_core.event_reactor:joining thread
[1.642s] INFO:colcon.colcon_core.plugin_system:Skipping extension 'colcon_notification.desktop_notification.terminal_notifier': Not used on non-Darwin systems
[1.642s] INFO:colcon.colcon_core.plugin_system:Skipping extension 'colcon_notification.desktop_notification.win32': Not used on non-Windows systems
[1.642s] INFO:colcon.colcon_notification.desktop_notification:Sending desktop notification using 'notify2'
[1.661s] DEBUG:colcon.colcon_core.event_reactor:joined thread
[1.661s] INFO:colcon.colcon_core.shell:Creating prefix script '/home/huzy/rov_moveit2_ws/src/rov_description/install/local_setup.ps1'
[1.662s] INFO:colcon.colcon_core.shell:Creating prefix util module '/home/huzy/rov_moveit2_ws/src/rov_description/install/_local_setup_util_ps1.py'
[1.664s] INFO:colcon.colcon_core.shell:Creating prefix chain script '/home/huzy/rov_moveit2_ws/src/rov_description/install/setup.ps1'
[1.673s] INFO:colcon.colcon_core.shell:Creating prefix script '/home/huzy/rov_moveit2_ws/src/rov_description/install/local_setup.sh'
[1.674s] INFO:colcon.colcon_core.shell:Creating prefix util module '/home/huzy/rov_moveit2_ws/src/rov_description/install/_local_setup_util_sh.py'
[1.675s] INFO:colcon.colcon_core.shell:Creating prefix chain script '/home/huzy/rov_moveit2_ws/src/rov_description/install/setup.sh'
[1.683s] INFO:colcon.colcon_core.shell:Creating prefix script '/home/huzy/rov_moveit2_ws/src/rov_description/install/local_setup.bash'
[1.684s] INFO:colcon.colcon_core.shell:Creating prefix chain script '/home/huzy/rov_moveit2_ws/src/rov_description/install/setup.bash'
[1.692s] INFO:colcon.colcon_core.shell:Creating prefix script '/home/huzy/rov_moveit2_ws/src/rov_description/install/local_setup.zsh'
[1.693s] INFO:colcon.colcon_core.shell:Creating prefix chain script '/home/huzy/rov_moveit2_ws/src/rov_description/install/setup.zsh'
