running egg_info
creating ../../build/rov_description/rov_description.egg-info
writing ../../build/rov_description/rov_description.egg-info/PKG-INFO
writing dependency_links to ../../build/rov_description/rov_description.egg-info/dependency_links.txt
writing entry points to ../../build/rov_description/rov_description.egg-info/entry_points.txt
writing requirements to ../../build/rov_description/rov_description.egg-info/requires.txt
writing top-level names to ../../build/rov_description/rov_description.egg-info/top_level.txt
writing manifest file '../../build/rov_description/rov_description.egg-info/SOURCES.txt'
reading manifest file '../../build/rov_description/rov_description.egg-info/SOURCES.txt'
writing manifest file '../../build/rov_description/rov_description.egg-info/SOURCES.txt'
running build
running build_py
creating /home/huzy/rov_moveit2_ws/build/rov_description/build
creating /home/huzy/rov_moveit2_ws/build/rov_description/build/lib
creating /home/huzy/rov_moveit2_ws/build/rov_description/build/lib/rov_description
copying rov_description/__init__.py -> /home/huzy/rov_moveit2_ws/build/rov_description/build/lib/rov_description
running install
running install_lib
creating /home/huzy/rov_moveit2_ws/install/rov_description/lib/python3.10/site-packages/rov_description
copying /home/huzy/rov_moveit2_ws/build/rov_description/build/lib/rov_description/__init__.py -> /home/huzy/rov_moveit2_ws/install/rov_description/lib/python3.10/site-packages/rov_description
byte-compiling /home/huzy/rov_moveit2_ws/install/rov_description/lib/python3.10/site-packages/rov_description/__init__.py to __init__.cpython-310.pyc
running install_data
creating /home/huzy/rov_moveit2_ws/install/rov_description/share/ament_index
creating /home/huzy/rov_moveit2_ws/install/rov_description/share/ament_index/resource_index
creating /home/huzy/rov_moveit2_ws/install/rov_description/share/ament_index/resource_index/packages
copying resource/rov_description -> /home/huzy/rov_moveit2_ws/install/rov_description/share/ament_index/resource_index/packages
copying package.xml -> /home/huzy/rov_moveit2_ws/install/rov_description/share/rov_description
creating /home/huzy/rov_moveit2_ws/install/rov_description/share/rov_description/urdf
copying urdf/rov.urdf -> /home/huzy/rov_moveit2_ws/install/rov_description/share/rov_description/urdf
creating /home/huzy/rov_moveit2_ws/install/rov_description/share/rov_description/meshes
copying meshes/BottomLink.STL -> /home/huzy/rov_moveit2_ws/install/rov_description/share/rov_description/meshes
copying meshes/base_link.STL -> /home/huzy/rov_moveit2_ws/install/rov_description/share/rov_description/meshes
copying meshes/Link4.STL -> /home/huzy/rov_moveit2_ws/install/rov_description/share/rov_description/meshes
copying meshes/LinkGG.STL -> /home/huzy/rov_moveit2_ws/install/rov_description/share/rov_description/meshes
copying meshes/Link1.STL -> /home/huzy/rov_moveit2_ws/install/rov_description/share/rov_description/meshes
copying meshes/Link2.STL -> /home/huzy/rov_moveit2_ws/install/rov_description/share/rov_description/meshes
copying meshes/Link3.STL -> /home/huzy/rov_moveit2_ws/install/rov_description/share/rov_description/meshes
copying meshes/LinkGR.STL -> /home/huzy/rov_moveit2_ws/install/rov_description/share/rov_description/meshes
copying meshes/LinkGL.STL -> /home/huzy/rov_moveit2_ws/install/rov_description/share/rov_description/meshes
creating /home/huzy/rov_moveit2_ws/install/rov_description/share/rov_description/launch
running install_egg_info
Copying ../../build/rov_description/rov_description.egg-info to /home/huzy/rov_moveit2_ws/install/rov_description/lib/python3.10/site-packages/rov_description-0.0.0-py3.10.egg-info
running install_scripts
writing list of installed files to '/home/huzy/rov_moveit2_ws/build/rov_description/install.log'
